2022-12-29 20:41:06.494 [info] Extension host with pid 156364 started
2022-12-29 20:41:06.637 [info] ExtensionService#_doActivateExtension vscode.microsoft-authentication, startup: false, activationEvent: 'onAuthenticationRequest:microsoft'
2022-12-29 20:41:06.637 [info] ExtensionService#_doActivateExtension vscode.git-base, startup: true, activationEvent: '*', root cause: vscode.git
2022-12-29 20:41:06.637 [info] ExtensionService#_doActivateExtension formulahendry.auto-close-tag, startup: true, activationEvent: '*'
2022-12-29 20:41:06.662 [info] ExtensionService#_doActivateExtension vscode.git, startup: true, activationEvent: '*'
2022-12-29 20:41:06.662 [info] ExtensionService#_doActivateExtension vscode.github, startup: true, activationEvent: '*'
2022-12-29 20:41:06.719 [info] Eager extensions activated
2022-12-29 20:41:06.734 [info] ExtensionService#_doActivateExtension vscode.debug-auto-launch, startup: false, activationEvent: 'onStartupFinished'
2022-12-29 20:41:06.734 [info] ExtensionService#_doActivateExtension vscode.emmet, startup: false, activationEvent: 'onStartupFinished'
2022-12-29 20:41:06.734 [info] ExtensionService#_doActivateExtension vscode.merge-conflict, startup: false, activationEvent: 'onStartupFinished'
2022-12-29 20:41:06.734 [info] ExtensionService#_doActivateExtension dsznajder.es7-react-js-snippets, startup: false, activationEvent: 'onStartupFinished'
2022-12-29 20:41:06.735 [info] ExtensionService#_doActivateExtension Equinusocio.vsc-material-theme, startup: false, activationEvent: 'onStartupFinished'
2022-12-29 20:41:06.735 [info] ExtensionService#_doActivateExtension equinusocio.vsc-material-theme-icons, startup: false, activationEvent: 'onStartupFinished'
2022-12-29 20:41:06.735 [info] ExtensionService#_doActivateExtension vscode.npm, startup: false, activationEvent: 'onStartupFinished', root cause: esbenp.prettier-vscode
2022-12-29 20:41:06.735 [info] ExtensionService#_doActivateExtension formulahendry.code-runner, startup: false, activationEvent: 'onStartupFinished'
2022-12-29 20:41:06.735 [info] ExtensionService#_doActivateExtension monokai.theme-monokai-pro-vscode, startup: false, activationEvent: 'onStartupFinished'
2022-12-29 20:41:06.735 [info] ExtensionService#_doActivateExtension PKief.material-icon-theme, startup: false, activationEvent: 'onStartupFinished'
2022-12-29 20:41:06.735 [info] ExtensionService#_doActivateExtension ritwickdey.LiveServer, startup: false, activationEvent: 'onStartupFinished'
2022-12-29 20:41:06.735 [info] ExtensionService#_doActivateExtension streetsidesoftware.code-spell-checker, startup: false, activationEvent: 'onStartupFinished'
2022-12-29 20:41:06.735 [info] ExtensionService#_doActivateExtension zhuangtongfa.material-theme, startup: false, activationEvent: 'onStartupFinished'
2022-12-29 20:41:06.975 [info] ExtensionService#_doActivateExtension vscode.github-authentication, startup: false, activationEvent: 'onAuthenticationRequest:github'
2022-12-29 20:41:07.055 [info] ExtensionService#_doActivateExtension esbenp.prettier-vscode, startup: false, activationEvent: 'onStartupFinished'
2022-12-29 20:41:07.355 [warning] [Decorations] CAPPING events from decorations provider vscode.git 1833
2022-12-29 20:41:07.667 [warning] [Decorations] CAPPING events from decorations provider vscode.git 1833
2022-12-29 20:41:11.346 [warning] [Decorations] CAPPING events from decorations provider vscode.git 1834
2022-12-29 20:41:16.639 [warning] [Decorations] CAPPING events from decorations provider vscode.git 1834
2022-12-29 20:41:21.930 [warning] [Decorations] CAPPING events from decorations provider vscode.git 1834
2022-12-29 20:41:27.230 [warning] [Decorations] CAPPING events from decorations provider vscode.git 1835
2022-12-29 20:41:46.519 [warning] [Decorations] CAPPING events from decorations provider vscode.git 1835
2022-12-29 20:43:23.289 [info] Extension host terminating: received terminate message from renderer
2022-12-29 20:43:23.297 [info] Extension host with pid 156364 exiting with code 0
