2022-12-25 17:39:10.513 [info] Extension host with pid 2442 started
2022-12-25 17:39:10.625 [info] ExtensionService#_doActivateExtension ms-python.python, startup: false, activationEvent: 'onLanguage:yaml'
2022-12-25 17:39:10.625 [info] ExtensionService#_doActivateExtension vscode.microsoft-authentication, startup: false, activationEvent: 'onAuthenticationRequest:microsoft'
2022-12-25 17:39:10.625 [info] ExtensionService#_doActivateExtension vscode.git-base, startup: true, activationEvent: '*', root cause: vscode.git
2022-12-25 17:39:10.625 [info] ExtensionService#_doActivateExtension formulahendry.auto-close-tag, startup: true, activationEvent: '*'
2022-12-25 17:39:10.839 [info] ExtensionService#_doActivateExtension vscode.git, startup: true, activationEvent: '*'
2022-12-25 17:39:10.840 [info] ExtensionService#_doActivateExtension vscode.github, startup: true, activationEvent: '*'
2022-12-25 17:39:10.911 [info] ExtensionService#_doActivateExtension formulahendry.code-runner, startup: false, activationEvent: 'onLanguage:code-runner-output'
2022-12-25 17:39:10.971 [info] Eager extensions activated
2022-12-25 17:39:10.972 [info] ExtensionService#_doActivateExtension vscode.github-authentication, startup: false, activationEvent: 'onAuthenticationRequest:github'
2022-12-25 17:39:11.009 [info] ExtensionService#_doActivateExtension vscode.debug-auto-launch, startup: false, activationEvent: 'onStartupFinished'
2022-12-25 17:39:11.010 [info] ExtensionService#_doActivateExtension vscode.emmet, startup: false, activationEvent: 'onStartupFinished'
2022-12-25 17:39:11.010 [info] ExtensionService#_doActivateExtension vscode.merge-conflict, startup: false, activationEvent: 'onStartupFinished'
2022-12-25 17:39:11.010 [info] ExtensionService#_doActivateExtension dsznajder.es7-react-js-snippets, startup: false, activationEvent: 'onStartupFinished'
2022-12-25 17:39:11.010 [info] ExtensionService#_doActivateExtension Equinusocio.vsc-material-theme, startup: false, activationEvent: 'onStartupFinished'
2022-12-25 17:39:11.010 [info] ExtensionService#_doActivateExtension equinusocio.vsc-material-theme-icons, startup: false, activationEvent: 'onStartupFinished'
2022-12-25 17:39:11.010 [info] ExtensionService#_doActivateExtension vscode.npm, startup: false, activationEvent: 'onStartupFinished', root cause: esbenp.prettier-vscode
2022-12-25 17:39:11.011 [info] ExtensionService#_doActivateExtension monokai.theme-monokai-pro-vscode, startup: false, activationEvent: 'onStartupFinished'
2022-12-25 17:39:11.011 [info] ExtensionService#_doActivateExtension PKief.material-icon-theme, startup: false, activationEvent: 'onStartupFinished'
2022-12-25 17:39:11.011 [info] ExtensionService#_doActivateExtension ritwickdey.LiveServer, startup: false, activationEvent: 'onStartupFinished'
2022-12-25 17:39:11.011 [info] ExtensionService#_doActivateExtension streetsidesoftware.code-spell-checker, startup: false, activationEvent: 'onStartupFinished'
2022-12-25 17:39:11.011 [info] ExtensionService#_doActivateExtension zhuangtongfa.material-theme, startup: false, activationEvent: 'onStartupFinished'
2022-12-25 17:39:11.345 [info] ExtensionService#_doActivateExtension esbenp.prettier-vscode, startup: false, activationEvent: 'onStartupFinished'
2022-12-25 17:39:11.665 [warning] [Decorations] CAPPING events from decorations provider vscode.git 5039
2022-12-25 17:39:11.734 [warning] [Decorations] CAPPING events from decorations provider vscode.git 5039
2022-12-25 17:39:13.848 [warning] [Decorations] CAPPING events from decorations provider vscode.git 5039
2022-12-25 17:39:18.907 [warning] [Decorations] CAPPING events from decorations provider vscode.git 5040
2022-12-25 17:39:23.962 [warning] [Decorations] CAPPING events from decorations provider vscode.git 5039
2022-12-25 17:39:29.018 [warning] [Decorations] CAPPING events from decorations provider vscode.git 5017
2022-12-25 17:39:32.590 [info] Extension host terminating: received terminate message from renderer
2022-12-25 17:39:32.604 [info] Extension host with pid 2442 exiting with code 0
