2022-12-25 17:24:01.124 [info] Log level: Info
2022-12-25 17:24:01.124 [info] Validating found git in: "git"
2022-12-25 17:24:01.124 [info] Using git "" from "git"
2022-12-25 17:24:01.124 [info] > git rev-parse --show-toplevel [42ms]
2022-12-25 17:24:01.139 [info] > git rev-parse --git-dir --git-common-dir [312ms]
2022-12-25 17:24:01.143 [info] Open repository: /home/atri/.config/qtile
2022-12-25 17:24:01.195 [info] > git config --get commit.template [28ms]
2022-12-25 17:24:01.211 [info] > git for-each-ref --format=%(refname)%00%(upstream:short)%00%(objectname)%00%(upstream:track)%00%(upstream:remotename)%00%(upstream:remoteref) refs/heads/main refs/remotes/main [7ms]
2022-12-25 17:24:01.290 [info] > git status -z -uall [73ms]
2022-12-25 17:24:01.291 [info] > git for-each-ref --sort -committerdate --format %(refname) %(objectname) %(*objectname) [71ms]
2022-12-25 17:24:01.336 [info] > git config --get commit.template [23ms]
2022-12-25 17:24:01.343 [info] > git for-each-ref --format=%(refname)%00%(upstream:short)%00%(objectname)%00%(upstream:track)%00%(upstream:remotename)%00%(upstream:remoteref) refs/heads/main refs/remotes/main [2ms]
2022-12-25 17:24:01.348 [info] > git status -z -uall [3ms]
2022-12-25 17:24:01.349 [info] > git for-each-ref --sort -committerdate --format %(refname) %(objectname) %(*objectname) [2ms]
2022-12-25 17:24:01.792 [info] > git check-ignore -v -z --stdin [3ms]
2022-12-25 17:24:01.817 [info] > git show --textconv :config.py [7ms]
2022-12-25 17:24:01.818 [info] > git ls-files --stage -- /home/atri/.config/qtile/config.py [5ms]
2022-12-25 17:24:01.825 [info] > git cat-file -s 9b1e7348aea18307a6f29c44131eb31600612fda [2ms]
2022-12-25 17:24:21.251 [info] > git config --get commit.template [3ms]
2022-12-25 17:24:21.252 [info] > git for-each-ref --format=%(refname)%00%(upstream:short)%00%(objectname)%00%(upstream:track)%00%(upstream:remotename)%00%(upstream:remoteref) refs/heads/main refs/remotes/main [1ms]
2022-12-25 17:24:21.256 [info] > git status -z -uall [2ms]
2022-12-25 17:24:21.256 [info] > git for-each-ref --sort -committerdate --format %(refname) %(objectname) %(*objectname) [0ms]
2022-12-25 17:24:26.265 [info] > git config --get commit.template [2ms]
2022-12-25 17:24:26.265 [info] > git for-each-ref --format=%(refname)%00%(upstream:short)%00%(objectname)%00%(upstream:track)%00%(upstream:remotename)%00%(upstream:remoteref) refs/heads/main refs/remotes/main [1ms]
2022-12-25 17:24:26.269 [info] > git status -z -uall [2ms]
2022-12-25 17:24:26.269 [info] > git for-each-ref --sort -committerdate --format %(refname) %(objectname) %(*objectname) [0ms]
2022-12-25 17:24:40.201 [info] > git config --get commit.template [3ms]
2022-12-25 17:24:40.201 [info] > git for-each-ref --format=%(refname)%00%(upstream:short)%00%(objectname)%00%(upstream:track)%00%(upstream:remotename)%00%(upstream:remoteref) refs/heads/main refs/remotes/main [0ms]
2022-12-25 17:24:40.205 [info] > git status -z -uall [2ms]
2022-12-25 17:24:40.206 [info] > git for-each-ref --sort -committerdate --format %(refname) %(objectname) %(*objectname) [1ms]
2022-12-25 17:25:45.462 [info] > git config --get commit.template [3ms]
2022-12-25 17:25:45.462 [info] > git for-each-ref --format=%(refname)%00%(upstream:short)%00%(objectname)%00%(upstream:track)%00%(upstream:remotename)%00%(upstream:remoteref) refs/heads/main refs/remotes/main [1ms]
2022-12-25 17:25:45.467 [info] > git status -z -uall [3ms]
2022-12-25 17:25:45.467 [info] > git for-each-ref --sort -committerdate --format %(refname) %(objectname) %(*objectname) [0ms]
2022-12-25 17:25:50.475 [info] > git config --get commit.template [0ms]
2022-12-25 17:25:50.478 [info] > git for-each-ref --format=%(refname)%00%(upstream:short)%00%(objectname)%00%(upstream:track)%00%(upstream:remotename)%00%(upstream:remoteref) refs/heads/main refs/remotes/main [1ms]
2022-12-25 17:25:50.482 [info] > git status -z -uall [2ms]
2022-12-25 17:25:50.482 [info] > git for-each-ref --sort -committerdate --format %(refname) %(objectname) %(*objectname) [0ms]
2022-12-25 17:25:55.490 [info] > git config --get commit.template [3ms]
2022-12-25 17:25:55.490 [info] > git for-each-ref --format=%(refname)%00%(upstream:short)%00%(objectname)%00%(upstream:track)%00%(upstream:remotename)%00%(upstream:remoteref) refs/heads/main refs/remotes/main [0ms]
2022-12-25 17:25:55.494 [info] > git status -z -uall [2ms]
2022-12-25 17:25:55.495 [info] > git for-each-ref --sort -committerdate --format %(refname) %(objectname) %(*objectname) [1ms]
2022-12-25 17:26:00.503 [info] > git config --get commit.template [2ms]
2022-12-25 17:26:00.503 [info] > git for-each-ref --format=%(refname)%00%(upstream:short)%00%(objectname)%00%(upstream:track)%00%(upstream:remotename)%00%(upstream:remoteref) refs/heads/main refs/remotes/main [1ms]
2022-12-25 17:26:00.507 [info] > git status -z -uall [2ms]
2022-12-25 17:26:00.507 [info] > git for-each-ref --sort -committerdate --format %(refname) %(objectname) %(*objectname) [0ms]
