2022-12-29 20:41:07.042 [info] Log level: Info
2022-12-29 20:41:07.042 [info] Validating found git in: "git"
2022-12-29 20:41:07.042 [info] Using git "2.39.0" from "git"
2022-12-29 20:41:07.042 [info] > git rev-parse --show-toplevel [2ms]
2022-12-29 20:41:07.042 [info] > git rev-parse --git-dir --git-common-dir [1ms]
2022-12-29 20:41:07.042 [info] Open repository: /home/atri/.config
2022-12-29 20:41:07.042 [info] > git config --get commit.template [277ms]
2022-12-29 20:41:07.042 [info] > git for-each-ref --format=%(refname)%00%(upstream:short)%00%(objectname)%00%(upstream:track)%00%(upstream:remotename)%00%(upstream:remoteref) refs/heads/master refs/remotes/master [1ms]
2022-12-29 20:41:07.049 [info] > git show --textconv :nvim/init.lua [10ms]
2022-12-29 20:41:07.049 [info] > git ls-files --stage -- /home/atri/.config/nvim/init.lua [8ms]
2022-12-29 20:41:07.050 [info] > git for-each-ref --sort -committerdate --format %(refname) %(objectname) %(*objectname) [18ms]
2022-12-29 20:41:07.341 [info] > git status -z -uall [321ms]
2022-12-29 20:41:07.365 [info] > git config --get commit.template [2ms]
2022-12-29 20:41:07.366 [info] > git for-each-ref --format=%(refname)%00%(upstream:short)%00%(objectname)%00%(upstream:track)%00%(upstream:remotename)%00%(upstream:remoteref) refs/heads/master refs/remotes/master [1ms]
2022-12-29 20:41:07.371 [info] > git for-each-ref --sort -committerdate --format %(refname) %(objectname) %(*objectname) [1ms]
2022-12-29 20:41:07.536 [info] > git check-ignore -v -z --stdin [2ms]
2022-12-29 20:41:07.657 [info] > git status -z -uall [289ms]
2022-12-29 20:41:11.063 [info] > git config --get commit.template [1ms]
2022-12-29 20:41:11.066 [info] > git for-each-ref --format=%(refname)%00%(upstream:short)%00%(objectname)%00%(upstream:track)%00%(upstream:remotename)%00%(upstream:remoteref) refs/heads/master refs/remotes/master [0ms]
2022-12-29 20:41:11.071 [info] > git for-each-ref --sort -committerdate --format %(refname) %(objectname) %(*objectname) [1ms]
2022-12-29 20:41:11.338 [info] > git status -z -uall [270ms]
2022-12-29 20:41:16.354 [info] > git config --get commit.template [2ms]
2022-12-29 20:41:16.354 [info] > git for-each-ref --format=%(refname)%00%(upstream:short)%00%(objectname)%00%(upstream:track)%00%(upstream:remotename)%00%(upstream:remoteref) refs/heads/master refs/remotes/master [1ms]
2022-12-29 20:41:16.363 [info] > git for-each-ref --sort -committerdate --format %(refname) %(objectname) %(*objectname) [5ms]
2022-12-29 20:41:16.628 [info] > git status -z -uall [272ms]
2022-12-29 20:41:21.648 [info] > git config --get commit.template [3ms]
2022-12-29 20:41:21.648 [info] > git for-each-ref --format=%(refname)%00%(upstream:short)%00%(objectname)%00%(upstream:track)%00%(upstream:remotename)%00%(upstream:remoteref) refs/heads/master refs/remotes/master [1ms]
2022-12-29 20:41:21.653 [info] > git for-each-ref --sort -committerdate --format %(refname) %(objectname) %(*objectname) [1ms]
2022-12-29 20:41:21.923 [info] > git status -z -uall [272ms]
2022-12-29 20:41:26.938 [info] > git config --get commit.template [3ms]
2022-12-29 20:41:26.938 [info] > git for-each-ref --format=%(refname)%00%(upstream:short)%00%(objectname)%00%(upstream:track)%00%(upstream:remotename)%00%(upstream:remoteref) refs/heads/master refs/remotes/master [1ms]
2022-12-29 20:41:26.943 [info] > git for-each-ref --sort -committerdate --format %(refname) %(objectname) %(*objectname) [1ms]
2022-12-29 20:41:27.219 [info] > git status -z -uall [279ms]
2022-12-29 20:41:46.227 [info] > git config --get commit.template [2ms]
2022-12-29 20:41:46.228 [info] > git for-each-ref --format=%(refname)%00%(upstream:short)%00%(objectname)%00%(upstream:track)%00%(upstream:remotename)%00%(upstream:remoteref) refs/heads/master refs/remotes/master [1ms]
2022-12-29 20:41:46.233 [info] > git for-each-ref --sort -committerdate --format %(refname) %(objectname) %(*objectname) [1ms]
2022-12-29 20:41:46.512 [info] > git status -z -uall [283ms]
2022-12-29 20:43:23.173 [info] > git config --get commit.template [2ms]
2022-12-29 20:43:23.173 [info] > git for-each-ref --format=%(refname)%00%(upstream:short)%00%(objectname)%00%(upstream:track)%00%(upstream:remotename)%00%(upstream:remoteref) refs/heads/master refs/remotes/master [0ms]
2022-12-29 20:43:23.178 [info] > git for-each-ref --sort -committerdate --format %(refname) %(objectname) %(*objectname) [1ms]
