[Info  - 8:46:51 PM] (1442) Pylance language server 2022.12.20 (pyright 621d886b) starting
[Info  - 8:46:51 PM] (1442) Server root directory: /home/atri/.vscode/extensions/ms-python.vscode-pylance-2022.12.20/dist
[Info  - 8:46:51 PM] (1442) Starting service instance "qtile"
[Info  - 8:46:51 PM] (1442) Notebook support: LSP
[Info  - 8:46:51 PM] (1442) Interactive window support: LSP
[Info  - 8:46:51 PM] (1442) No configuration file found.
[Info  - 8:46:51 PM] (1442) No pyproject.toml file found.
[Info  - 8:46:51 PM] (1442) Setting pythonPath for service "qtile": "/bin/python"
[Warn  - 8:46:51 PM] (1442) stubPath /home/atri/.config/qtile/typings is not a valid directory.
[Info  - 8:46:51 PM] (1442) Assuming Python version 3.10
[Info  - 8:46:51 PM] (1442) Assuming Python platform Linux
[Info  - 8:46:51 PM] (1442) Searching for source files
[Info  - 8:46:51 PM] (1442) Found 1 source file
[Info  - 8:46:51 PM] (1442) Background analysis(1) root directory: /home/atri/.vscode/extensions/ms-python.vscode-pylance-2022.12.20/dist
[Info  - 8:46:51 PM] (1442) Background analysis(1) started
[Info  - 8:46:51 PM] (1442) Indexer background runner(2) root directory: /home/atri/.vscode/extensions/ms-python.vscode-pylance-2022.12.20/dist (index)
[Info  - 8:46:51 PM] (1442) Indexing(2) started
[Info  - 8:46:52 PM] (1442) scanned(2) 154 files over 1 exec env
[Info  - 8:46:53 PM] (1442) indexed(2) 87 files over 1 exec env
[Info  - 8:46:53 PM] (1442) Indexing finished(2).
[Info  - 8:54:33 PM] (1442) Searching for source files
[Info  - 8:54:33 PM] (1442) Found 1 source file
[Info  - 8:54:57 PM] (1442) Searching for source files
[Info  - 8:54:57 PM] (1442) Found 24 source files
[Info  - 8:55:04 PM] (1442) Searching for source files
[Info  - 8:55:04 PM] (1442) Found 46 source files
[Info  - 8:55:09 PM] (1442) Searching for source files
[Info  - 8:55:09 PM] (1442) Found 23 source files
[Info  - 8:57:22 PM] (1442) Searching for source files
[Info  - 8:57:22 PM] (1442) Found 23 source files
[Info  - 8:57:28 PM] (1442) Searching for source files
[Info  - 8:57:28 PM] (1442) Found 23 source files
