2022-12-18 15:08:34.709 [info] Log level: Info
2022-12-18 15:08:34.709 [info] Validating found git in: "git"
2022-12-18 15:08:34.709 [info] Using git "2.39.0" from "git"
2022-12-18 15:08:34.712 [info] > git rev-parse --show-toplevel [5ms]
2022-12-18 15:08:35.139 [info] > git rev-parse --git-dir --git-common-dir [425ms]
2022-12-18 15:08:35.143 [info] Open repository: /home/atri
2022-12-18 15:08:35.157 [info] > git rev-parse --show-toplevel [9ms]
2022-12-18 15:08:35.215 [info] > git config --get commit.template [58ms]
2022-12-18 15:08:35.216 [info] > git rev-parse --show-toplevel [55ms]
2022-12-18 15:08:35.225 [warning] No remotes found in the git config file.
2022-12-18 15:08:35.249 [info] > git for-each-ref --format=%(refname)%00%(upstream:short)%00%(objectname)%00%(upstream:track)%00%(upstream:remotename)%00%(upstream:remoteref) refs/heads/master refs/remotes/master [27ms]
2022-12-18 15:08:35.249 [info] > git rev-parse --git-dir --git-common-dir [31ms]
2022-12-18 15:08:35.251 [info] Open repository: /home/atri/.config
2022-12-18 15:08:35.258 [info] > git rev-parse --show-toplevel [4ms]
2022-12-18 15:08:35.261 [info] > git remote --verbose [36ms]
2022-12-18 15:08:35.269 [info] > git rev-parse --show-toplevel [8ms]
2022-12-18 15:08:35.272 [info] > git config --get commit.template [15ms]
2022-12-18 15:08:35.273 [info] > git rev-parse --show-toplevel [1ms]
2022-12-18 15:08:35.275 [info] > git for-each-ref --sort -committerdate --format %(refname) %(objectname) %(*objectname) [8ms]
2022-12-18 15:08:35.279 [info] > git rev-parse --show-toplevel [4ms]
2022-12-18 15:08:35.281 [info] > git rev-parse --show-toplevel [0ms]
2022-12-18 15:08:35.284 [info] > git for-each-ref --format=%(refname)%00%(upstream:short)%00%(objectname)%00%(upstream:track)%00%(upstream:remotename)%00%(upstream:remoteref) refs/heads/master refs/remotes/master [6ms]
2022-12-18 15:08:35.289 [info] > git rev-parse --show-toplevel [5ms]
2022-12-18 15:08:35.292 [info] > git for-each-ref --sort -committerdate --format %(refname) %(objectname) %(*objectname) [3ms]
2022-12-18 15:08:35.292 [info] > git rev-parse --show-toplevel [0ms]
2022-12-18 15:08:35.296 [info] > git rev-parse --show-toplevel [1ms]
2022-12-18 15:08:35.299 [info] > git rev-parse --show-toplevel [0ms]
2022-12-18 15:08:35.301 [info] > git rev-parse --show-toplevel [0ms]
2022-12-18 15:08:35.304 [info] > git rev-parse --show-toplevel [1ms]
2022-12-18 15:08:35.306 [info] > git rev-parse --show-toplevel [0ms]
2022-12-18 15:08:35.309 [info] > git rev-parse --show-toplevel [0ms]
2022-12-18 15:08:35.317 [info] > git rev-parse --show-toplevel [6ms]
2022-12-18 15:08:35.321 [info] > git rev-parse --show-toplevel [0ms]
2022-12-18 15:08:35.324 [info] > git rev-parse --show-toplevel [0ms]
2022-12-18 15:08:35.328 [info] > git rev-parse --show-toplevel [0ms]
2022-12-18 15:08:35.331 [info] > git rev-parse --show-toplevel [0ms]
2022-12-18 15:08:35.335 [info] > git rev-parse --show-toplevel [1ms]
2022-12-18 15:08:35.339 [info] > git rev-parse --show-toplevel [1ms]
2022-12-18 15:08:35.343 [info] > git rev-parse --show-toplevel [2ms]
2022-12-18 15:08:35.347 [info] > git rev-parse --show-toplevel [2ms]
2022-12-18 15:08:35.353 [info] > git rev-parse --show-toplevel [4ms]
2022-12-18 15:08:35.355 [info] > git rev-parse --git-dir --git-common-dir [0ms]
2022-12-18 15:08:35.357 [info] Open repository: /home/atri/dmenu
2022-12-18 15:08:35.365 [info] > git config --get commit.template [3ms]
2022-12-18 15:08:35.365 [info] > git rev-parse --show-toplevel [5ms]
2022-12-18 15:08:35.369 [info] > git rev-parse --git-dir --git-common-dir [1ms]
2022-12-18 15:08:35.372 [info] Open repository: /home/atri/dot
2022-12-18 15:08:35.380 [info] > git for-each-ref --format=%(refname)%00%(upstream:short)%00%(objectname)%00%(upstream:track)%00%(upstream:remotename)%00%(upstream:remoteref) refs/heads/master refs/remotes/master [14ms]
2022-12-18 15:08:35.386 [info] > git config --get commit.template [7ms]
2022-12-18 15:08:35.386 [info] > git rev-parse --show-toplevel [10ms]
2022-12-18 15:08:35.390 [info] > git status -z -uall [8ms]
2022-12-18 15:08:35.391 [info] > git for-each-ref --sort -committerdate --format %(refname) %(objectname) %(*objectname) [7ms]
2022-12-18 15:08:35.399 [info] > git rev-parse --show-toplevel [10ms]
2022-12-18 15:08:35.402 [info] > git config --get commit.template [3ms]
2022-12-18 15:08:35.402 [info] > git rev-parse --git-dir --git-common-dir [1ms]
2022-12-18 15:08:35.404 [info] Open repository: /home/atri/yay
2022-12-18 15:08:35.410 [info] > git for-each-ref --format=%(refname)%00%(upstream:short)%00%(objectname)%00%(upstream:track)%00%(upstream:remotename)%00%(upstream:remoteref) refs/heads/master refs/remotes/master [3ms]
2022-12-18 15:08:35.416 [info] > git for-each-ref --format=%(refname)%00%(upstream:short)%00%(objectname)%00%(upstream:track)%00%(upstream:remotename)%00%(upstream:remoteref) refs/heads/master refs/remotes/master [20ms]
2022-12-18 15:08:35.423 [info] > git status -z -uall [10ms]
2022-12-18 15:08:35.424 [info] > git for-each-ref --sort -committerdate --format %(refname) %(objectname) %(*objectname) [8ms]
2022-12-18 15:08:35.426 [info] > git config --get commit.template [16ms]
2022-12-18 15:08:35.431 [info] > git for-each-ref --sort -committerdate --format %(refname) %(objectname) %(*objectname) [8ms]
2022-12-18 15:08:35.434 [info] > git for-each-ref --format=%(refname)%00%(upstream:short)%00%(objectname)%00%(upstream:track)%00%(upstream:remotename)%00%(upstream:remoteref) refs/heads/master refs/remotes/master [4ms]
2022-12-18 15:08:35.443 [info] > git status -z -uall [4ms]
2022-12-18 15:08:35.443 [info] > git for-each-ref --sort -committerdate --format %(refname) %(objectname) %(*objectname) [2ms]
2022-12-18 15:08:35.453 [info] > git config --get commit.template [3ms]
2022-12-18 15:08:35.453 [info] > git for-each-ref --format=%(refname)%00%(upstream:short)%00%(objectname)%00%(upstream:track)%00%(upstream:remotename)%00%(upstream:remoteref) refs/heads/master refs/remotes/master [1ms]
2022-12-18 15:08:35.459 [info] > git status -z -uall [4ms]
2022-12-18 15:08:35.459 [info] > git for-each-ref --sort -committerdate --format %(refname) %(objectname) %(*objectname) [2ms]
2022-12-18 15:08:35.627 [info] > git status -z -uall [340ms]
2022-12-18 15:08:35.668 [info] > git config --get commit.template [3ms]
2022-12-18 15:08:35.668 [info] > git for-each-ref --format=%(refname)%00%(upstream:short)%00%(objectname)%00%(upstream:track)%00%(upstream:remotename)%00%(upstream:remoteref) refs/heads/master refs/remotes/master [0ms]
2022-12-18 15:08:35.675 [info] > git for-each-ref --sort -committerdate --format %(refname) %(objectname) %(*objectname) [2ms]
2022-12-18 15:08:35.693 [info] > git status -z -uall [22ms]
2022-12-18 15:08:36.005 [info] > git check-ignore -v -z --stdin [12ms]
2022-12-18 15:08:36.006 [info] > git check-ignore -v -z --stdin [7ms]
2022-12-18 15:08:36.006 [info] > git check-ignore -v -z --stdin [2ms]
2022-12-18 15:08:36.006 [info] > git check-ignore -v -z --stdin [10ms]
2022-12-18 15:08:36.006 [info] > git check-ignore -v -z --stdin [5ms]
2022-12-18 15:08:36.352 [info] > git status -z -uall [933ms]
2022-12-18 15:08:36.360 [info] > git config --get commit.template [3ms]
2022-12-18 15:08:36.360 [info] > git for-each-ref --format=%(refname)%00%(upstream:short)%00%(objectname)%00%(upstream:track)%00%(upstream:remotename)%00%(upstream:remoteref) refs/heads/master refs/remotes/master [0ms]
2022-12-18 15:08:36.365 [info] > git for-each-ref --sort -committerdate --format %(refname) %(objectname) %(*objectname) [0ms]
2022-12-18 15:08:36.494 [info] > git status -z -uall [131ms]
