[Info  - 10:27:13 PM] (1820) Pylance language server 2022.12.20 (pyright 621d886b) starting
[Info  - 10:27:13 PM] (1820) Server root directory: /home/atri/.vscode/extensions/ms-python.vscode-pylance-2022.12.20/dist
[Info  - 10:27:13 PM] (1820) Starting service instance "qtile"
[Info  - 10:27:13 PM] (1820) Notebook support: LSP
[Info  - 10:27:13 PM] (1820) Interactive window support: LSP
[Info  - 10:27:13 PM] (1820) No configuration file found.
[Info  - 10:27:13 PM] (1820) No pyproject.toml file found.
[Info  - 10:27:13 PM] (1820) Setting pythonPath for service "qtile": "/bin/python"
[Warn  - 10:27:13 PM] (1820) stubPath /home/atri/.config/qtile/typings is not a valid directory.
[Info  - 10:27:13 PM] (1820) Assuming Python version 3.10
[Info  - 10:27:13 PM] (1820) Assuming Python platform Linux
[Info  - 10:27:14 PM] (1820) Searching for source files
[Info  - 10:27:14 PM] (1820) Found 12 source files
[Info  - 10:27:14 PM] (1820) Background analysis(1) root directory: /home/atri/.vscode/extensions/ms-python.vscode-pylance-2022.12.20/dist
[Info  - 10:27:14 PM] (1820) Background analysis(1) started
[Info  - 10:27:14 PM] (1820) Indexer background runner(2) root directory: /home/atri/.vscode/extensions/ms-python.vscode-pylance-2022.12.20/dist (index)
[Info  - 10:27:14 PM] (1820) Indexing(2) started
[Info  - 10:27:14 PM] (1820) scanned(2) 154 files over 1 exec env
[Info  - 10:27:15 PM] (1820) indexed(2) 87 files over 1 exec env
[Info  - 10:27:15 PM] (1820) Indexing finished(2).
