2022-12-22 14:22:08.807 [info] Log level: Info
2022-12-22 14:22:08.807 [info] Validating found git in: "git"
2022-12-22 14:22:08.807 [info] Using git "" from "git"
2022-12-22 14:22:08.813 [info] > git rev-parse --show-toplevel [32ms]
2022-12-22 14:22:08.838 [info] > git rev-parse --git-dir --git-common-dir [22ms]
2022-12-22 14:22:08.844 [info] Open repository: /home/atri/.config/qtile
2022-12-22 14:22:09.552 [info] > git config --get commit.template [701ms]
2022-12-22 14:22:09.553 [info] > git rev-parse --show-toplevel [705ms]
2022-12-22 14:22:09.591 [info] > git rev-parse --show-toplevel [35ms]
2022-12-22 14:22:09.596 [info] > git rev-parse --show-toplevel [2ms]
2022-12-22 14:22:09.600 [info] > git rev-parse --show-toplevel [1ms]
2022-12-22 14:22:09.623 [info] > git for-each-ref --format=%(refname)%00%(upstream:short)%00%(objectname)%00%(upstream:track)%00%(upstream:remotename)%00%(upstream:remoteref) refs/heads/main refs/remotes/main [41ms]
2022-12-22 14:22:09.637 [info] > git show --textconv :config.py [31ms]
2022-12-22 14:22:09.637 [info] > git status -z -uall [10ms]
2022-12-22 14:22:09.639 [info] > git ls-files --stage -- /home/atri/.config/qtile/config.py [29ms]
2022-12-22 14:22:09.652 [info] > git for-each-ref --sort -committerdate --format %(refname) %(objectname) %(*objectname) [22ms]
2022-12-22 14:22:09.661 [info] > git cat-file -s 9b1e7348aea18307a6f29c44131eb31600612fda [17ms]
2022-12-22 14:22:09.662 [info] > git config --get commit.template [1ms]
2022-12-22 14:22:09.665 [info] > git for-each-ref --format=%(refname)%00%(upstream:short)%00%(objectname)%00%(upstream:track)%00%(upstream:remotename)%00%(upstream:remoteref) refs/heads/main refs/remotes/main [1ms]
2022-12-22 14:22:09.675 [info] > git status -z -uall [5ms]
2022-12-22 14:22:09.676 [info] > git for-each-ref --sort -committerdate --format %(refname) %(objectname) %(*objectname) [5ms]
2022-12-22 14:22:10.053 [info] > git check-ignore -v -z --stdin [1ms]
2022-12-22 14:22:52.278 [info] > git config --get commit.template [3ms]
2022-12-22 14:22:52.278 [info] > git for-each-ref --format=%(refname)%00%(upstream:short)%00%(objectname)%00%(upstream:track)%00%(upstream:remotename)%00%(upstream:remoteref) refs/heads/main refs/remotes/main [1ms]
2022-12-22 14:22:52.282 [info] > git status -z -uall [2ms]
2022-12-22 14:22:52.282 [info] > git for-each-ref --sort -committerdate --format %(refname) %(objectname) %(*objectname) [0ms]
2022-12-22 14:23:09.942 [info] > git config --get commit.template [3ms]
2022-12-22 14:23:09.942 [info] > git for-each-ref --format=%(refname)%00%(upstream:short)%00%(objectname)%00%(upstream:track)%00%(upstream:remotename)%00%(upstream:remoteref) refs/heads/main refs/remotes/main [0ms]
2022-12-22 14:23:09.946 [info] > git status -z -uall [2ms]
2022-12-22 14:23:09.947 [info] > git for-each-ref --sort -committerdate --format %(refname) %(objectname) %(*objectname) [1ms]
2022-12-22 14:23:16.363 [info] > git config --get commit.template [3ms]
2022-12-22 14:23:16.363 [info] > git for-each-ref --format=%(refname)%00%(upstream:short)%00%(objectname)%00%(upstream:track)%00%(upstream:remotename)%00%(upstream:remoteref) refs/heads/main refs/remotes/main [1ms]
2022-12-22 14:23:16.369 [info] > git status -z -uall [4ms]
2022-12-22 14:23:16.370 [info] > git for-each-ref --sort -committerdate --format %(refname) %(objectname) %(*objectname) [2ms]
