2022-12-21 20:58:22.739 [info] Extension host with pid 6790 started
2022-12-21 20:58:22.739 [info] Skipping acquiring lock for /home/atri/.config/Code/User/workspaceStorage/b6295093490d2c468d5eb1d450698065.
2022-12-21 20:58:22.868 [info] ExtensionService#_doActivateExtension batisteo.vscode-django, startup: false, activationEvent: 'onLanguage:python'
2022-12-21 20:58:22.869 [info] ExtensionService#_doActivateExtension ms-python.python, startup: false, activationEvent: 'onLanguage:python', root cause: ms-python.isort
2022-12-21 20:58:22.869 [info] ExtensionService#_doActivateExtension ms-toolsai.jupyter, startup: false, activationEvent: 'onLanguage:python'
2022-12-21 20:58:22.869 [info] ExtensionService#_doActivateExtension vscode.microsoft-authentication, startup: false, activationEvent: 'onAuthenticationRequest:microsoft'
2022-12-21 20:58:22.869 [info] ExtensionService#_doActivateExtension vscode.git-base, startup: true, activationEvent: '*', root cause: vscode.git
2022-12-21 20:58:22.870 [info] ExtensionService#_doActivateExtension formulahendry.auto-close-tag, startup: true, activationEvent: '*'
2022-12-21 20:58:23.478 [info] ExtensionService#_doActivateExtension ms-toolsai.jupyter-renderers, startup: false, activationEvent: 'api', root cause: ms-toolsai.jupyter
2022-12-21 20:58:23.478 [info] ExtensionService#_doActivateExtension vscode.git, startup: true, activationEvent: '*'
2022-12-21 20:58:23.478 [info] ExtensionService#_doActivateExtension vscode.github, startup: true, activationEvent: '*'
2022-12-21 20:58:23.593 [info] ExtensionService#_doActivateExtension ms-python.isort, startup: false, activationEvent: 'onLanguage:python'
2022-12-21 20:58:23.593 [info] ExtensionService#_doActivateExtension ms-python.vscode-pylance, startup: false, activationEvent: 'onLanguage:python'
2022-12-21 20:58:23.656 [info] ExtensionService#_doActivateExtension formulahendry.code-runner, startup: false, activationEvent: 'onLanguage:code-runner-output'
2022-12-21 20:58:23.670 [info] Eager extensions activated
2022-12-21 20:58:23.707 [info] ExtensionService#_doActivateExtension vscode.github-authentication, startup: false, activationEvent: 'onAuthenticationRequest:github'
2022-12-21 20:58:23.707 [info] ExtensionService#_doActivateExtension vscode.debug-auto-launch, startup: false, activationEvent: 'onStartupFinished'
2022-12-21 20:58:23.707 [info] ExtensionService#_doActivateExtension vscode.emmet, startup: false, activationEvent: 'onStartupFinished'
2022-12-21 20:58:23.707 [info] ExtensionService#_doActivateExtension vscode.merge-conflict, startup: false, activationEvent: 'onStartupFinished'
2022-12-21 20:58:23.707 [info] ExtensionService#_doActivateExtension dsznajder.es7-react-js-snippets, startup: false, activationEvent: 'onStartupFinished'
2022-12-21 20:58:23.708 [info] ExtensionService#_doActivateExtension Equinusocio.vsc-material-theme, startup: false, activationEvent: 'onStartupFinished'
2022-12-21 20:58:23.708 [info] ExtensionService#_doActivateExtension equinusocio.vsc-material-theme-icons, startup: false, activationEvent: 'onStartupFinished'
2022-12-21 20:58:23.708 [info] ExtensionService#_doActivateExtension vscode.npm, startup: false, activationEvent: 'onStartupFinished', root cause: esbenp.prettier-vscode
2022-12-21 20:58:23.708 [info] ExtensionService#_doActivateExtension monokai.theme-monokai-pro-vscode, startup: false, activationEvent: 'onStartupFinished'
2022-12-21 20:58:23.708 [info] ExtensionService#_doActivateExtension PKief.material-icon-theme, startup: false, activationEvent: 'onStartupFinished'
2022-12-21 20:58:23.708 [info] ExtensionService#_doActivateExtension ritwickdey.LiveServer, startup: false, activationEvent: 'onStartupFinished'
2022-12-21 20:58:23.708 [info] ExtensionService#_doActivateExtension streetsidesoftware.code-spell-checker, startup: false, activationEvent: 'onStartupFinished'
2022-12-21 20:58:23.708 [info] ExtensionService#_doActivateExtension zhuangtongfa.material-theme, startup: false, activationEvent: 'onStartupFinished'
2022-12-21 20:58:24.059 [info] ExtensionService#_doActivateExtension esbenp.prettier-vscode, startup: false, activationEvent: 'onStartupFinished'
2022-12-21 20:59:50.243 [info] Extension host terminating: received terminate message from renderer
2022-12-21 20:59:50.267 [info] Extension host with pid 6790 exiting with code 0
