[Info  - 8:58:24 PM] (6918) Pylance language server 2022.12.20 (pyright 621d886b) starting
[Info  - 8:58:24 PM] (6918) Server root directory: /home/atri/.vscode/extensions/ms-python.vscode-pylance-2022.12.20/dist
[Info  - 8:58:24 PM] (6918) Starting service instance "qtile"
[Info  - 8:58:24 PM] (6918) Notebook support: LSP
[Info  - 8:58:24 PM] (6918) Interactive window support: LSP
[Info  - 8:58:24 PM] (6918) No configuration file found.
[Info  - 8:58:24 PM] (6918) No pyproject.toml file found.
[Info  - 8:58:24 PM] (6918) Setting pythonPath for service "qtile": "/bin/python"
[Warn  - 8:58:24 PM] (6918) stubPath /home/atri/.config/qtile/typings is not a valid directory.
[Info  - 8:58:24 PM] (6918) Assuming Python version 3.10
[Info  - 8:58:24 PM] (6918) Assuming Python platform Linux
[Info  - 8:58:24 PM] (6918) Searching for source files
[Info  - 8:58:24 PM] (6918) Found 23 source files
[Info  - 8:58:24 PM] (6918) Background analysis(1) root directory: /home/atri/.vscode/extensions/ms-python.vscode-pylance-2022.12.20/dist
[Info  - 8:58:24 PM] (6918) Background analysis(1) started
[Info  - 8:58:24 PM] (6918) Indexer background runner(2) root directory: /home/atri/.vscode/extensions/ms-python.vscode-pylance-2022.12.20/dist (index)
[Info  - 8:58:24 PM] (6918) Indexing(2) started
[Info  - 8:58:25 PM] (6918) scanned(2) 154 files over 1 exec env
[Info  - 8:58:25 PM] (6918) indexed(2) 87 files over 1 exec env
[Info  - 8:58:25 PM] (6918) Indexing finished(2).
