Code - OSS (1.74.0, undefined, desktop)
Jupyter Extension Version: 2022.10.110.
Python Extension Version: 2022.20.1.
No workspace folder opened.
info 16:12:50.828: ZMQ install verified.
error 16:12:51.004: Failure during activation. [Error: Extension 'ms-toolsai.jupyter' CANNOT use API proposal: notebookCellExecutionState.
Its package.json#enabledApiProposals-property declares:  but NOT notebookCellExecutionState.
 The missing proposal MUST be added and you must start in extension development mode or use the following command line switch: --enable-proposed-api ms-toolsai.jupyter
	at m (/usr/lib/code/out/vs/workbench/api/node/extensionHostProcess.js:90:43999)
	at d.onDidChangeNotebookCellExecutionState (/usr/lib/code/out/vs/workbench/api/node/extensionHostProcess.js:115:51550)
	at new S (/home/atri/.vscode-oss/extensions/ms-toolsai.jupyter-2022.10.110-universal/out/extension.node.js:17:207218)
	at t.resolveInstance (/home/atri/.vscode-oss/extensions/ms-toolsai.jupyter-2022.10.110-universal/out/extension.node.js:17:1297910)
	at /home/atri/.vscode-oss/extensions/ms-toolsai.jupyter-2022.10.110-universal/out/extension.node.js:17:1299848
	at /home/atri/.vscode-oss/extensions/ms-toolsai.jupyter-2022.10.110-universal/out/extension.node.js:17:1298766
	at Array.map (<anonymous>)
	at /home/atri/.vscode-oss/extensions/ms-toolsai.jupyter-2022.10.110-universal/out/extension.node.js:17:1298738
	at Array.map (<anonymous>)
	at t.resolveInstance (/home/atri/.vscode-oss/extensions/ms-toolsai.jupyter-2022.10.110-universal/out/extension.node.js:17:1297684)
	at /home/atri/.vscode-oss/extensions/ms-toolsai.jupyter-2022.10.110-universal/out/extension.node.js:17:1299848
	at t.resolve (/home/atri/.vscode-oss/extensions/ms-toolsai.jupyter-2022.10.110-universal/out/extension.node.js:17:1300111)
	at /home/atri/.vscode-oss/extensions/ms-toolsai.jupyter-2022.10.110-universal/out/extension.node.js:17:1283524
	at e._get (/home/atri/.vscode-oss/extensions/ms-toolsai.jupyter-2022.10.110-universal/out/extension.node.js:17:1283290)
	at e.get (/home/atri/.vscode-oss/extensions/ms-toolsai.jupyter-2022.10.110-universal/out/extension.node.js:17:1281933)
	at a.get (/home/atri/.vscode-oss/extensions/ms-toolsai.jupyter-2022.10.110-universal/out/extension.node.js:17:50621)
	at /home/atri/.vscode-oss/extensions/ms-toolsai.jupyter-2022.10.110-universal/out/extension.node.js:2:4923
	at process.processTicksAndRejections (node:internal/process/task_queues:96:5)]
error 16:12:51.008: sendStartupTelemetry() failed. [Error: Extension 'ms-toolsai.jupyter' CANNOT use API proposal: notebookCellExecutionState.
Its package.json#enabledApiProposals-property declares:  but NOT notebookCellExecutionState.
 The missing proposal MUST be added and you must start in extension development mode or use the following command line switch: --enable-proposed-api ms-toolsai.jupyter
	at m (/usr/lib/code/out/vs/workbench/api/node/extensionHostProcess.js:90:43999)
	at d.onDidChangeNotebookCellExecutionState (/usr/lib/code/out/vs/workbench/api/node/extensionHostProcess.js:115:51550)
	at new S (/home/atri/.vscode-oss/extensions/ms-toolsai.jupyter-2022.10.110-universal/out/extension.node.js:17:207218)
	at t.resolveInstance (/home/atri/.vscode-oss/extensions/ms-toolsai.jupyter-2022.10.110-universal/out/extension.node.js:17:1297910)
	at /home/atri/.vscode-oss/extensions/ms-toolsai.jupyter-2022.10.110-universal/out/extension.node.js:17:1299848
	at /home/atri/.vscode-oss/extensions/ms-toolsai.jupyter-2022.10.110-universal/out/extension.node.js:17:1298766
	at Array.map (<anonymous>)
	at /home/atri/.vscode-oss/extensions/ms-toolsai.jupyter-2022.10.110-universal/out/extension.node.js:17:1298738
	at Array.map (<anonymous>)
	at t.resolveInstance (/home/atri/.vscode-oss/extensions/ms-toolsai.jupyter-2022.10.110-universal/out/extension.node.js:17:1297684)
	at /home/atri/.vscode-oss/extensions/ms-toolsai.jupyter-2022.10.110-universal/out/extension.node.js:17:1299848
	at t.resolve (/home/atri/.vscode-oss/extensions/ms-toolsai.jupyter-2022.10.110-universal/out/extension.node.js:17:1300111)
	at /home/atri/.vscode-oss/extensions/ms-toolsai.jupyter-2022.10.110-universal/out/extension.node.js:17:1283524
	at e._get (/home/atri/.vscode-oss/extensions/ms-toolsai.jupyter-2022.10.110-universal/out/extension.node.js:17:1283290)
	at e.get (/home/atri/.vscode-oss/extensions/ms-toolsai.jupyter-2022.10.110-universal/out/extension.node.js:17:1281933)
	at a.get (/home/atri/.vscode-oss/extensions/ms-toolsai.jupyter-2022.10.110-universal/out/extension.node.js:17:50621)
	at /home/atri/.vscode-oss/extensions/ms-toolsai.jupyter-2022.10.110-universal/out/extension.node.js:2:4923
	at process.processTicksAndRejections (node:internal/process/task_queues:96:5)]
error 16:12:51.009: extension activation failed [Error: Extension 'ms-toolsai.jupyter' CANNOT use API proposal: notebookCellExecutionState.
Its package.json#enabledApiProposals-property declares:  but NOT notebookCellExecutionState.
 The missing proposal MUST be added and you must start in extension development mode or use the following command line switch: --enable-proposed-api ms-toolsai.jupyter
	at m (/usr/lib/code/out/vs/workbench/api/node/extensionHostProcess.js:90:43999)
	at d.onDidChangeNotebookCellExecutionState (/usr/lib/code/out/vs/workbench/api/node/extensionHostProcess.js:115:51550)
	at new S (/home/atri/.vscode-oss/extensions/ms-toolsai.jupyter-2022.10.110-universal/out/extension.node.js:17:207218)
	at t.resolveInstance (/home/atri/.vscode-oss/extensions/ms-toolsai.jupyter-2022.10.110-universal/out/extension.node.js:17:1297910)
	at /home/atri/.vscode-oss/extensions/ms-toolsai.jupyter-2022.10.110-universal/out/extension.node.js:17:1299848
	at /home/atri/.vscode-oss/extensions/ms-toolsai.jupyter-2022.10.110-universal/out/extension.node.js:17:1298766
	at Array.map (<anonymous>)
	at /home/atri/.vscode-oss/extensions/ms-toolsai.jupyter-2022.10.110-universal/out/extension.node.js:17:1298738
	at Array.map (<anonymous>)
	at t.resolveInstance (/home/atri/.vscode-oss/extensions/ms-toolsai.jupyter-2022.10.110-universal/out/extension.node.js:17:1297684)
	at /home/atri/.vscode-oss/extensions/ms-toolsai.jupyter-2022.10.110-universal/out/extension.node.js:17:1299848
	at t.resolve (/home/atri/.vscode-oss/extensions/ms-toolsai.jupyter-2022.10.110-universal/out/extension.node.js:17:1300111)
	at /home/atri/.vscode-oss/extensions/ms-toolsai.jupyter-2022.10.110-universal/out/extension.node.js:17:1283524
	at e._get (/home/atri/.vscode-oss/extensions/ms-toolsai.jupyter-2022.10.110-universal/out/extension.node.js:17:1283290)
	at e.get (/home/atri/.vscode-oss/extensions/ms-toolsai.jupyter-2022.10.110-universal/out/extension.node.js:17:1281933)
	at a.get (/home/atri/.vscode-oss/extensions/ms-toolsai.jupyter-2022.10.110-universal/out/extension.node.js:17:50621)
	at /home/atri/.vscode-oss/extensions/ms-toolsai.jupyter-2022.10.110-universal/out/extension.node.js:2:4923
	at process.processTicksAndRejections (node:internal/process/task_queues:96:5)]
error 16:12:51.010: Failed to active the Jupyter Extension [Error: Extension 'ms-toolsai.jupyter' CANNOT use API proposal: notebookCellExecutionState.
Its package.json#enabledApiProposals-property declares:  but NOT notebookCellExecutionState.
 The missing proposal MUST be added and you must start in extension development mode or use the following command line switch: --enable-proposed-api ms-toolsai.jupyter
	at m (/usr/lib/code/out/vs/workbench/api/node/extensionHostProcess.js:90:43999)
	at d.onDidChangeNotebookCellExecutionState (/usr/lib/code/out/vs/workbench/api/node/extensionHostProcess.js:115:51550)
	at new S (/home/atri/.vscode-oss/extensions/ms-toolsai.jupyter-2022.10.110-universal/out/extension.node.js:17:207218)
	at t.resolveInstance (/home/atri/.vscode-oss/extensions/ms-toolsai.jupyter-2022.10.110-universal/out/extension.node.js:17:1297910)
	at /home/atri/.vscode-oss/extensions/ms-toolsai.jupyter-2022.10.110-universal/out/extension.node.js:17:1299848
	at /home/atri/.vscode-oss/extensions/ms-toolsai.jupyter-2022.10.110-universal/out/extension.node.js:17:1298766
	at Array.map (<anonymous>)
	at /home/atri/.vscode-oss/extensions/ms-toolsai.jupyter-2022.10.110-universal/out/extension.node.js:17:1298738
	at Array.map (<anonymous>)
	at t.resolveInstance (/home/atri/.vscode-oss/extensions/ms-toolsai.jupyter-2022.10.110-universal/out/extension.node.js:17:1297684)
	at /home/atri/.vscode-oss/extensions/ms-toolsai.jupyter-2022.10.110-universal/out/extension.node.js:17:1299848
	at t.resolve (/home/atri/.vscode-oss/extensions/ms-toolsai.jupyter-2022.10.110-universal/out/extension.node.js:17:1300111)
	at /home/atri/.vscode-oss/extensions/ms-toolsai.jupyter-2022.10.110-universal/out/extension.node.js:17:1283524
	at e._get (/home/atri/.vscode-oss/extensions/ms-toolsai.jupyter-2022.10.110-universal/out/extension.node.js:17:1283290)
	at e.get (/home/atri/.vscode-oss/extensions/ms-toolsai.jupyter-2022.10.110-universal/out/extension.node.js:17:1281933)
	at a.get (/home/atri/.vscode-oss/extensions/ms-toolsai.jupyter-2022.10.110-universal/out/extension.node.js:17:50621)
	at /home/atri/.vscode-oss/extensions/ms-toolsai.jupyter-2022.10.110-universal/out/extension.node.js:2:4923
	at process.processTicksAndRejections (node:internal/process/task_queues:96:5)]
error 16:12:51.012: Failed activating the python extension:  [Error: Extension 'ms-python.python' CANNOT use API proposal: telemetryLogger.
Its package.json#enabledApiProposals-property declares:  but NOT telemetryLogger.
 The missing proposal MUST be added and you must start in extension development mode or use the following command line switch: --enable-proposed-api ms-python.python
	at m (/usr/lib/code/out/vs/workbench/api/node/extensionHostProcess.js:90:43999)
	at Object.createTelemetryLogger (/usr/lib/code/out/vs/workbench/api/node/extensionHostProcess.js:115:31959)
	at new t.BaseTelemetryReporter (/home/atri/.vscode-oss/extensions/ms-python.python-2022.20.1-universal/out/client/extension.js:2:1130142)
	at new h (/home/atri/.vscode-oss/extensions/ms-python.python-2022.20.1-universal/out/client/extension.js:2:1135280)
	at /home/atri/.vscode-oss/extensions/ms-python.python-2022.20.1-universal/out/client/extension.js:2:695634
	at c (/home/atri/.vscode-oss/extensions/ms-python.python-2022.20.1-universal/out/client/extension.js:2:695710)
	at y.activate (/home/atri/.vscode-oss/extensions/ms-python.python-2022.20.1-universal/out/client/extension.js:2:157356)
	at process.processTicksAndRejections (node:internal/process/task_queues:96:5)
	at async /home/atri/.vscode-oss/extensions/ms-python.python-2022.20.1-universal/out/client/extension.js:2:3096130
	at async e (/home/atri/.vscode-oss/extensions/ms-python.python-2022.20.1-universal/out/client/extension.js:2:3095744)
	at async v.n (/usr/lib/code/out/vs/workbench/api/node/extensionHostProcess.js:92:7006)
	at async v.m (/usr/lib/code/out/vs/workbench/api/node/extensionHostProcess.js:92:6969)
	at async v.l (/usr/lib/code/out/vs/workbench/api/node/extensionHostProcess.js:92:6426)] {
  message: "Activating extension 'ms-python.python' failed: Extension 'ms-python.python' CANNOT use API proposal: telemetryLogger.\n" +
    'Its package.json#enabledApiProposals-property declares:  but NOT telemetryLogger.\n' +
    ' The missing proposal MUST be added and you must start in extension development mode or use the following command line switch: --enable-proposed-api ms-python.python.'
}
info 16:17:10.053: Shutting down notebooks for fdd2e3ee-d2e4-49c4-aabb-627982796510
info 16:17:10.053: Disposing HostJupyterExecution e1b2ae84-7aee-4578-b437-05c57efc2749
info 16:17:10.053: Disposing super HostJupyterExecution e1b2ae84-7aee-4578-b437-05c57efc2749
info 16:17:10.054: Disposing HostJupyterExecution e1b2ae84-7aee-4578-b437-05c57efc2749
info 16:17:10.054: Finished disposing HostJupyterExecution  e1b2ae84-7aee-4578-b437-05c57efc2749
info 16:17:10.056: Cleaning up server cache e1b2ae84-7aee-4578-b437-05c57efc2749
info 16:17:10.056: Finished disposing HostJupyterExecution  e1b2ae84-7aee-4578-b437-05c57efc2749
