2022-12-21 22:27:11.755 [info] Log level: Info
2022-12-21 22:27:11.755 [info] Validating found git in: "git"
2022-12-21 22:27:11.755 [info] Using git "2.39.0" from "git"
2022-12-21 22:27:11.755 [info] > git rev-parse --show-toplevel [2ms]
2022-12-21 22:27:12.093 [info] > git rev-parse --git-dir --git-common-dir [382ms]
2022-12-21 22:27:12.097 [info] Open repository: /home/atri/.config/qtile
2022-12-21 22:27:12.134 [info] > git config --get commit.template [30ms]
2022-12-21 22:27:12.134 [info] > git rev-parse --show-toplevel [33ms]
2022-12-21 22:27:12.143 [info] > git rev-parse --show-toplevel [6ms]
2022-12-21 22:27:12.153 [info] > git rev-parse --show-toplevel [7ms]
2022-12-21 22:27:12.157 [info] > git for-each-ref --format=%(refname)%00%(upstream:short)%00%(objectname)%00%(upstream:track)%00%(upstream:remotename)%00%(upstream:remoteref) refs/heads/main refs/remotes/main [8ms]
2022-12-21 22:27:12.175 [info] > git rev-parse --show-toplevel [19ms]
2022-12-21 22:27:12.179 [info] > git status -z -uall [17ms]
2022-12-21 22:27:12.180 [info] > git for-each-ref --sort -committerdate --format %(refname) %(objectname) %(*objectname) [14ms]
2022-12-21 22:27:12.190 [info] > git config --get commit.template [2ms]
2022-12-21 22:27:12.202 [info] > git for-each-ref --format=%(refname)%00%(upstream:short)%00%(objectname)%00%(upstream:track)%00%(upstream:remotename)%00%(upstream:remoteref) refs/heads/main refs/remotes/main [8ms]
2022-12-21 22:27:12.211 [info] > git status -z -uall [4ms]
2022-12-21 22:27:12.212 [info] > git for-each-ref --sort -committerdate --format %(refname) %(objectname) %(*objectname) [4ms]
2022-12-21 22:27:13.530 [info] > git check-ignore -v -z --stdin [17ms]
2022-12-21 22:27:13.554 [info] > git show --textconv :config.py [4ms]
2022-12-21 22:27:13.555 [info] > git ls-files --stage -- /home/atri/.config/qtile/config.py [2ms]
2022-12-21 22:27:13.561 [info] > git cat-file -s 9b1e7348aea18307a6f29c44131eb31600612fda [1ms]
2022-12-21 22:27:14.547 [info] > git config --get commit.template [21ms]
2022-12-21 22:27:14.552 [info] > git for-each-ref --format=%(refname)%00%(upstream:short)%00%(objectname)%00%(upstream:track)%00%(upstream:remotename)%00%(upstream:remoteref) refs/heads/main refs/remotes/main [1ms]
2022-12-21 22:27:14.560 [info] > git status -z -uall [4ms]
2022-12-21 22:27:14.561 [info] > git for-each-ref --sort -committerdate --format %(refname) %(objectname) %(*objectname) [2ms]
2022-12-21 22:27:19.570 [info] > git config --get commit.template [2ms]
2022-12-21 22:27:19.570 [info] > git for-each-ref --format=%(refname)%00%(upstream:short)%00%(objectname)%00%(upstream:track)%00%(upstream:remotename)%00%(upstream:remoteref) refs/heads/main refs/remotes/main [1ms]
2022-12-21 22:27:19.574 [info] > git status -z -uall [2ms]
2022-12-21 22:27:19.575 [info] > git for-each-ref --sort -committerdate --format %(refname) %(objectname) %(*objectname) [1ms]
