2022-12-17 09:27:09.205 [info] Log level: Info
2022-12-17 09:27:09.205 [info] Validating found git in: "git"
2022-12-17 09:27:09.205 [info] Using git "2.39.0" from "git"
2022-12-17 09:27:09.205 [info] > git rev-parse --show-toplevel [4ms]
2022-12-17 09:27:09.205 [info] fatal: not a git repository (or any parent up to mount point /)
Stopping at filesystem boundary (GIT_DISCOVERY_ACROSS_FILESYSTEM not set).
2022-12-17 09:27:09.205 [info] > git rev-parse --show-toplevel [405ms]
2022-12-17 09:27:09.205 [info] fatal: not a git repository (or any parent up to mount point /)
Stopping at filesystem boundary (GIT_DISCOVERY_ACROSS_FILESYSTEM not set).
2022-12-17 09:27:09.247 [info] > git rev-parse --show-toplevel [38ms]
2022-12-17 09:27:09.247 [info] fatal: not a git repository (or any parent up to mount point /)
Stopping at filesystem boundary (GIT_DISCOVERY_ACROSS_FILESYSTEM not set).
2022-12-17 09:27:09.276 [info] > git rev-parse --show-toplevel [24ms]
2022-12-17 09:27:09.276 [info] fatal: not a git repository (or any parent up to mount point /)
Stopping at filesystem boundary (GIT_DISCOVERY_ACROSS_FILESYSTEM not set).
2022-12-17 09:27:09.284 [info] > git rev-parse --show-toplevel [4ms]
2022-12-17 09:27:09.284 [info] fatal: not a git repository (or any parent up to mount point /)
Stopping at filesystem boundary (GIT_DISCOVERY_ACROSS_FILESYSTEM not set).
2022-12-17 09:27:09.288 [info] > git rev-parse --show-toplevel [1ms]
2022-12-17 09:27:09.288 [info] fatal: not a git repository (or any parent up to mount point /)
Stopping at filesystem boundary (GIT_DISCOVERY_ACROSS_FILESYSTEM not set).
2022-12-17 09:27:09.290 [info] > git rev-parse --show-toplevel [0ms]
2022-12-17 09:27:09.290 [info] fatal: not a git repository (or any parent up to mount point /)
Stopping at filesystem boundary (GIT_DISCOVERY_ACROSS_FILESYSTEM not set).
2022-12-17 09:27:09.294 [info] > git rev-parse --show-toplevel [2ms]
2022-12-17 09:27:09.294 [info] fatal: not a git repository (or any parent up to mount point /)
Stopping at filesystem boundary (GIT_DISCOVERY_ACROSS_FILESYSTEM not set).
2022-12-17 09:27:09.296 [info] > git rev-parse --show-toplevel [0ms]
2022-12-17 09:27:09.296 [info] fatal: not a git repository (or any parent up to mount point /)
Stopping at filesystem boundary (GIT_DISCOVERY_ACROSS_FILESYSTEM not set).
2022-12-17 09:27:09.364 [info] > git rev-parse --show-toplevel [65ms]
2022-12-17 09:27:09.364 [info] fatal: not a git repository (or any parent up to mount point /)
Stopping at filesystem boundary (GIT_DISCOVERY_ACROSS_FILESYSTEM not set).
2022-12-17 09:27:09.368 [info] > git rev-parse --show-toplevel [1ms]
2022-12-17 09:27:09.368 [info] fatal: not a git repository (or any parent up to mount point /)
Stopping at filesystem boundary (GIT_DISCOVERY_ACROSS_FILESYSTEM not set).
2022-12-17 09:27:09.386 [info] > git rev-parse --show-toplevel [16ms]
2022-12-17 09:27:09.386 [info] fatal: not a git repository (or any parent up to mount point /)
Stopping at filesystem boundary (GIT_DISCOVERY_ACROSS_FILESYSTEM not set).
2022-12-17 09:27:09.390 [info] > git rev-parse --show-toplevel [1ms]
2022-12-17 09:27:09.390 [info] fatal: not a git repository (or any parent up to mount point /)
Stopping at filesystem boundary (GIT_DISCOVERY_ACROSS_FILESYSTEM not set).
2022-12-17 09:27:09.392 [info] > git rev-parse --show-toplevel [0ms]
2022-12-17 09:27:09.392 [info] fatal: not a git repository (or any parent up to mount point /)
Stopping at filesystem boundary (GIT_DISCOVERY_ACROSS_FILESYSTEM not set).
2022-12-17 09:27:09.395 [info] > git rev-parse --show-toplevel [0ms]
2022-12-17 09:27:09.395 [info] fatal: not a git repository (or any parent up to mount point /)
Stopping at filesystem boundary (GIT_DISCOVERY_ACROSS_FILESYSTEM not set).
2022-12-17 09:27:09.397 [info] > git rev-parse --show-toplevel [1ms]
2022-12-17 09:27:09.397 [info] fatal: not a git repository (or any parent up to mount point /)
Stopping at filesystem boundary (GIT_DISCOVERY_ACROSS_FILESYSTEM not set).
2022-12-17 09:27:09.399 [info] > git rev-parse --show-toplevel [0ms]
2022-12-17 09:27:09.399 [info] fatal: not a git repository (or any parent up to mount point /)
Stopping at filesystem boundary (GIT_DISCOVERY_ACROSS_FILESYSTEM not set).
2022-12-17 09:27:09.402 [info] > git rev-parse --show-toplevel [1ms]
2022-12-17 09:27:09.402 [info] fatal: not a git repository (or any parent up to mount point /)
Stopping at filesystem boundary (GIT_DISCOVERY_ACROSS_FILESYSTEM not set).
2022-12-17 09:27:09.407 [info] > git rev-parse --show-toplevel [2ms]
2022-12-17 09:27:09.407 [info] fatal: not a git repository (or any parent up to mount point /)
Stopping at filesystem boundary (GIT_DISCOVERY_ACROSS_FILESYSTEM not set).
2022-12-17 09:27:09.409 [info] > git rev-parse --show-toplevel [0ms]
2022-12-17 09:27:09.409 [info] fatal: not a git repository (or any parent up to mount point /)
Stopping at filesystem boundary (GIT_DISCOVERY_ACROSS_FILESYSTEM not set).
2022-12-17 09:27:09.412 [info] > git rev-parse --show-toplevel [1ms]
2022-12-17 09:27:09.412 [info] fatal: not a git repository (or any parent up to mount point /)
Stopping at filesystem boundary (GIT_DISCOVERY_ACROSS_FILESYSTEM not set).
2022-12-17 09:27:09.414 [info] > git rev-parse --show-toplevel [0ms]
2022-12-17 09:27:09.414 [info] fatal: not a git repository (or any parent up to mount point /)
Stopping at filesystem boundary (GIT_DISCOVERY_ACROSS_FILESYSTEM not set).
2022-12-17 09:27:09.417 [info] > git rev-parse --show-toplevel [1ms]
2022-12-17 09:27:09.417 [info] fatal: not a git repository (or any parent up to mount point /)
Stopping at filesystem boundary (GIT_DISCOVERY_ACROSS_FILESYSTEM not set).
2022-12-17 09:27:09.419 [info] > git rev-parse --show-toplevel [0ms]
2022-12-17 09:27:09.419 [info] fatal: not a git repository (or any parent up to mount point /)
Stopping at filesystem boundary (GIT_DISCOVERY_ACROSS_FILESYSTEM not set).
2022-12-17 09:27:09.422 [info] > git rev-parse --show-toplevel [1ms]
2022-12-17 09:27:09.422 [info] fatal: not a git repository (or any parent up to mount point /)
Stopping at filesystem boundary (GIT_DISCOVERY_ACROSS_FILESYSTEM not set).
2022-12-17 09:27:09.424 [info] > git rev-parse --show-toplevel [0ms]
2022-12-17 09:27:09.424 [info] fatal: not a git repository (or any parent up to mount point /)
Stopping at filesystem boundary (GIT_DISCOVERY_ACROSS_FILESYSTEM not set).
2022-12-17 09:27:09.426 [info] > git rev-parse --show-toplevel [0ms]
2022-12-17 09:27:09.426 [info] fatal: not a git repository (or any parent up to mount point /)
Stopping at filesystem boundary (GIT_DISCOVERY_ACROSS_FILESYSTEM not set).
2022-12-17 09:27:09.429 [info] > git rev-parse --show-toplevel [1ms]
2022-12-17 09:27:09.429 [info] fatal: not a git repository (or any parent up to mount point /)
Stopping at filesystem boundary (GIT_DISCOVERY_ACROSS_FILESYSTEM not set).
2022-12-17 09:27:09.431 [info] > git rev-parse --show-toplevel [0ms]
2022-12-17 09:27:09.431 [info] fatal: not a git repository (or any parent up to mount point /)
Stopping at filesystem boundary (GIT_DISCOVERY_ACROSS_FILESYSTEM not set).
2022-12-17 09:27:09.434 [info] > git rev-parse --show-toplevel [1ms]
2022-12-17 09:27:09.434 [info] fatal: not a git repository (or any parent up to mount point /)
Stopping at filesystem boundary (GIT_DISCOVERY_ACROSS_FILESYSTEM not set).
2022-12-17 09:27:09.436 [info] > git rev-parse --show-toplevel [0ms]
2022-12-17 09:27:09.436 [info] fatal: not a git repository (or any parent up to mount point /)
Stopping at filesystem boundary (GIT_DISCOVERY_ACROSS_FILESYSTEM not set).
2022-12-17 09:27:09.439 [info] > git rev-parse --show-toplevel [1ms]
2022-12-17 09:27:09.439 [info] fatal: not a git repository (or any parent up to mount point /)
Stopping at filesystem boundary (GIT_DISCOVERY_ACROSS_FILESYSTEM not set).
2022-12-17 09:27:09.441 [info] > git rev-parse --show-toplevel [0ms]
2022-12-17 09:27:09.441 [info] fatal: not a git repository (or any parent up to mount point /)
Stopping at filesystem boundary (GIT_DISCOVERY_ACROSS_FILESYSTEM not set).
2022-12-17 09:27:09.443 [info] > git rev-parse --show-toplevel [0ms]
2022-12-17 09:27:09.443 [info] fatal: not a git repository (or any parent up to mount point /)
Stopping at filesystem boundary (GIT_DISCOVERY_ACROSS_FILESYSTEM not set).
2022-12-17 09:27:09.446 [info] > git rev-parse --show-toplevel [0ms]
2022-12-17 09:27:09.446 [info] fatal: not a git repository (or any parent up to mount point /)
Stopping at filesystem boundary (GIT_DISCOVERY_ACROSS_FILESYSTEM not set).
2022-12-17 09:27:09.448 [info] > git rev-parse --show-toplevel [0ms]
2022-12-17 09:27:09.448 [info] fatal: not a git repository (or any parent up to mount point /)
Stopping at filesystem boundary (GIT_DISCOVERY_ACROSS_FILESYSTEM not set).
2022-12-17 09:27:22.323 [info] > git rev-parse --show-toplevel [2ms]
2022-12-17 09:27:22.323 [info] fatal: not a git repository (or any parent up to mount point /)
Stopping at filesystem boundary (GIT_DISCOVERY_ACROSS_FILESYSTEM not set).
2022-12-17 09:28:27.223 [info] > git rev-parse --show-toplevel [2ms]
2022-12-17 09:28:27.223 [info] fatal: not a git repository (or any parent up to mount point /)
Stopping at filesystem boundary (GIT_DISCOVERY_ACROSS_FILESYSTEM not set).
2022-12-17 09:31:07.158 [info] > git rev-parse --show-toplevel [2ms]
2022-12-17 09:31:07.158 [info] fatal: not a git repository (or any parent up to mount point /)
Stopping at filesystem boundary (GIT_DISCOVERY_ACROSS_FILESYSTEM not set).
2022-12-17 09:32:30.172 [info] > git rev-parse --show-toplevel [4ms]
2022-12-17 09:32:30.172 [info] fatal: not a git repository (or any parent up to mount point /)
Stopping at filesystem boundary (GIT_DISCOVERY_ACROSS_FILESYSTEM not set).
