2022-12-25 17:34:00.104 [info] Log level: Info
2022-12-25 17:34:00.104 [info] Validating found git in: "git"
2022-12-25 17:34:00.104 [info] Using git "2.39.0" from "git"
2022-12-25 17:34:00.114 [info] > git rev-parse --show-toplevel [21ms]
2022-12-25 17:34:00.351 [info] > git rev-parse --git-dir --git-common-dir [235ms]
2022-12-25 17:34:00.355 [info] Open repository: /home/atri/.config/qtile
2022-12-25 17:34:00.365 [info] > git config --get commit.template [3ms]
2022-12-25 17:34:00.399 [info] > git for-each-ref --format=%(refname)%00%(upstream:short)%00%(objectname)%00%(upstream:track)%00%(upstream:remotename)%00%(upstream:remoteref) refs/heads/main refs/remotes/main [30ms]
2022-12-25 17:34:00.417 [info] > git status -z -uall [12ms]
2022-12-25 17:34:00.417 [info] > git for-each-ref --sort -committerdate --format %(refname) %(objectname) %(*objectname) [6ms]
2022-12-25 17:34:00.436 [info] > git config --get commit.template [8ms]
2022-12-25 17:34:00.505 [info] > git for-each-ref --format=%(refname)%00%(upstream:short)%00%(objectname)%00%(upstream:track)%00%(upstream:remotename)%00%(upstream:remoteref) refs/heads/main refs/remotes/main [9ms]
2022-12-25 17:34:00.514 [info] > git status -z -uall [4ms]
2022-12-25 17:34:00.515 [info] > git for-each-ref --sort -committerdate --format %(refname) %(objectname) %(*objectname) [1ms]
2022-12-25 17:34:00.857 [info] > git show --textconv :config.py [4ms]
2022-12-25 17:34:00.858 [info] > git ls-files --stage -- /home/atri/.config/qtile/config.py [1ms]
2022-12-25 17:34:00.867 [info] > git cat-file -s 9b1e7348aea18307a6f29c44131eb31600612fda [3ms]
2022-12-25 17:34:00.876 [info] > git check-ignore -v -z --stdin [0ms]
2022-12-25 17:34:13.540 [info] > git config --get commit.template [3ms]
2022-12-25 17:34:13.541 [info] > git for-each-ref --format=%(refname)%00%(upstream:short)%00%(objectname)%00%(upstream:track)%00%(upstream:remotename)%00%(upstream:remoteref) refs/heads/main refs/remotes/main [1ms]
2022-12-25 17:34:13.545 [info] > git status -z -uall [2ms]
2022-12-25 17:34:13.545 [info] > git for-each-ref --sort -committerdate --format %(refname) %(objectname) %(*objectname) [0ms]
