2022-12-25 17:39:10.990 [info] Log level: Info
2022-12-25 17:39:10.990 [info] Validating found git in: "git"
2022-12-25 17:39:10.990 [info] Using git "2.39.0" from "git"
2022-12-25 17:39:10.999 [info] > git rev-parse --show-toplevel [25ms]
2022-12-25 17:39:11.306 [info] > git rev-parse --git-dir --git-common-dir [303ms]
2022-12-25 17:39:11.312 [info] Open repository: /home/atri/.config
2022-12-25 17:39:11.322 [info] > git config --get commit.template [4ms]
2022-12-25 17:39:11.331 [info] > git for-each-ref --format=%(refname)%00%(upstream:short)%00%(objectname)%00%(upstream:track)%00%(upstream:remotename)%00%(upstream:remoteref) refs/heads/master refs/remotes/master [5ms]
2022-12-25 17:39:11.341 [info] > git for-each-ref --sort -committerdate --format %(refname) %(objectname) %(*objectname) [4ms]
2022-12-25 17:39:11.626 [info] > git show --textconv :alacritty/alacritty.yml [4ms]
2022-12-25 17:39:11.627 [info] > git ls-files --stage -- /home/atri/.config/alacritty/alacritty.yml [2ms]
2022-12-25 17:39:11.630 [info] > git status -z -uall [296ms]
2022-12-25 17:39:11.679 [info] > git cat-file -s 2cf761a844a1bb147ebd7e586d6c6caf8e2e3328 [49ms]
2022-12-25 17:39:11.680 [info] > git config --get commit.template [1ms]
2022-12-25 17:39:11.683 [info] > git for-each-ref --format=%(refname)%00%(upstream:short)%00%(objectname)%00%(upstream:track)%00%(upstream:remotename)%00%(upstream:remoteref) refs/heads/master refs/remotes/master [1ms]
2022-12-25 17:39:11.688 [info] > git for-each-ref --sort -committerdate --format %(refname) %(objectname) %(*objectname) [1ms]
2022-12-25 17:39:11.713 [info] > git status -z -uall [27ms]
2022-12-25 17:39:12.030 [info] > git check-ignore -v -z --stdin [3ms]
2022-12-25 17:39:13.804 [info] > git config --get commit.template [3ms]
2022-12-25 17:39:13.804 [info] > git for-each-ref --format=%(refname)%00%(upstream:short)%00%(objectname)%00%(upstream:track)%00%(upstream:remotename)%00%(upstream:remoteref) refs/heads/master refs/remotes/master [1ms]
2022-12-25 17:39:13.808 [info] > git for-each-ref --sort -committerdate --format %(refname) %(objectname) %(*objectname) [0ms]
2022-12-25 17:39:13.829 [info] > git status -z -uall [23ms]
2022-12-25 17:39:18.860 [info] > git config --get commit.template [3ms]
2022-12-25 17:39:18.860 [info] > git for-each-ref --format=%(refname)%00%(upstream:short)%00%(objectname)%00%(upstream:track)%00%(upstream:remotename)%00%(upstream:remoteref) refs/heads/master refs/remotes/master [1ms]
2022-12-25 17:39:18.865 [info] > git for-each-ref --sort -committerdate --format %(refname) %(objectname) %(*objectname) [1ms]
2022-12-25 17:39:18.886 [info] > git status -z -uall [24ms]
2022-12-25 17:39:23.918 [info] > git config --get commit.template [3ms]
2022-12-25 17:39:23.918 [info] > git for-each-ref --format=%(refname)%00%(upstream:short)%00%(objectname)%00%(upstream:track)%00%(upstream:remotename)%00%(upstream:remoteref) refs/heads/master refs/remotes/master [1ms]
2022-12-25 17:39:23.923 [info] > git for-each-ref --sort -committerdate --format %(refname) %(objectname) %(*objectname) [1ms]
2022-12-25 17:39:23.944 [info] > git status -z -uall [24ms]
2022-12-25 17:39:28.973 [info] > git config --get commit.template [3ms]
2022-12-25 17:39:28.973 [info] > git for-each-ref --format=%(refname)%00%(upstream:short)%00%(objectname)%00%(upstream:track)%00%(upstream:remotename)%00%(upstream:remoteref) refs/heads/master refs/remotes/master [1ms]
2022-12-25 17:39:28.978 [info] > git for-each-ref --sort -committerdate --format %(refname) %(objectname) %(*objectname) [1ms]
2022-12-25 17:39:29.002 [info] > git status -z -uall [27ms]
