2022-12-21 20:46:50.530 [info] Log level: Info
2022-12-21 20:46:50.530 [info] Validating found git in: "git"
2022-12-21 20:46:50.530 [info] Using git "2.39.0" from "git"
2022-12-21 20:46:50.533 [info] > git rev-parse --show-toplevel [3ms]
2022-12-21 20:46:50.536 [info] > git rev-parse --git-dir --git-common-dir [1ms]
2022-12-21 20:46:50.541 [info] Open repository: /home/atri/.config
2022-12-21 20:46:50.622 [info] > git config --get commit.template [74ms]
2022-12-21 20:46:50.622 [info] > git rev-parse --show-toplevel [77ms]
2022-12-21 20:46:50.986 [info] > git rev-parse --show-toplevel [360ms]
2022-12-21 20:46:50.995 [info] > git rev-parse --show-toplevel [5ms]
2022-12-21 20:46:50.998 [info] > git for-each-ref --format=%(refname)%00%(upstream:short)%00%(objectname)%00%(upstream:track)%00%(upstream:remotename)%00%(upstream:remoteref) refs/heads/master refs/remotes/master [38ms]
2022-12-21 20:46:51.007 [info] > git rev-parse --show-toplevel [9ms]
2022-12-21 20:46:51.021 [info] > git for-each-ref --sort -committerdate --format %(refname) %(objectname) %(*objectname) [18ms]
2022-12-21 20:46:51.025 [info] > git show --textconv :qtile/config.py [13ms]
2022-12-21 20:46:51.025 [info] > git ls-files --stage -- /home/atri/.config/qtile/config.py [11ms]
2022-12-21 20:46:51.035 [info] > git cat-file -s 2dfc4b10ef98ecda097a26a71cd84e1cc2565962 [6ms]
2022-12-21 20:46:51.122 [info] > git status -z -uall [122ms]
2022-12-21 20:46:51.122 [info] > git check-ignore -v -z --stdin [60ms]
2022-12-21 20:46:51.191 [info] > git config --get commit.template [1ms]
2022-12-21 20:46:51.194 [info] > git for-each-ref --format=%(refname)%00%(upstream:short)%00%(objectname)%00%(upstream:track)%00%(upstream:remotename)%00%(upstream:remoteref) refs/heads/master refs/remotes/master [1ms]
2022-12-21 20:46:51.203 [info] > git for-each-ref --sort -committerdate --format %(refname) %(objectname) %(*objectname) [3ms]
2022-12-21 20:46:51.229 [info] > git status -z -uall [32ms]
2022-12-21 20:46:52.856 [info] > git config --get commit.template [5ms]
2022-12-21 20:46:52.856 [info] > git for-each-ref --format=%(refname)%00%(upstream:short)%00%(objectname)%00%(upstream:track)%00%(upstream:remotename)%00%(upstream:remoteref) refs/heads/master refs/remotes/master [1ms]
2022-12-21 20:46:52.862 [info] > git for-each-ref --sort -committerdate --format %(refname) %(objectname) %(*objectname) [1ms]
2022-12-21 20:46:52.891 [info] > git status -z -uall [32ms]
2022-12-21 20:47:11.953 [info] > git config --get commit.template [1ms]
2022-12-21 20:47:11.956 [info] > git for-each-ref --format=%(refname)%00%(upstream:short)%00%(objectname)%00%(upstream:track)%00%(upstream:remotename)%00%(upstream:remoteref) refs/heads/master refs/remotes/master [1ms]
2022-12-21 20:47:11.960 [info] > git for-each-ref --sort -committerdate --format %(refname) %(objectname) %(*objectname) [0ms]
2022-12-21 20:47:11.983 [info] > git status -z -uall [24ms]
2022-12-21 20:47:26.758 [info] > git config --get commit.template [1ms]
2022-12-21 20:47:26.761 [info] > git for-each-ref --format=%(refname)%00%(upstream:short)%00%(objectname)%00%(upstream:track)%00%(upstream:remotename)%00%(upstream:remoteref) refs/heads/master refs/remotes/master [1ms]
2022-12-21 20:47:26.765 [info] > git for-each-ref --sort -committerdate --format %(refname) %(objectname) %(*objectname) [0ms]
2022-12-21 20:47:26.791 [info] > git status -z -uall [27ms]
2022-12-21 20:47:31.821 [info] > git config --get commit.template [1ms]
2022-12-21 20:47:31.824 [info] > git for-each-ref --format=%(refname)%00%(upstream:short)%00%(objectname)%00%(upstream:track)%00%(upstream:remotename)%00%(upstream:remoteref) refs/heads/master refs/remotes/master [1ms]
2022-12-21 20:47:31.829 [info] > git for-each-ref --sort -committerdate --format %(refname) %(objectname) %(*objectname) [0ms]
2022-12-21 20:47:31.848 [info] > git status -z -uall [22ms]
2022-12-21 20:47:36.878 [info] > git config --get commit.template [3ms]
2022-12-21 20:47:36.879 [info] > git for-each-ref --format=%(refname)%00%(upstream:short)%00%(objectname)%00%(upstream:track)%00%(upstream:remotename)%00%(upstream:remoteref) refs/heads/master refs/remotes/master [1ms]
2022-12-21 20:47:36.883 [info] > git for-each-ref --sort -committerdate --format %(refname) %(objectname) %(*objectname) [0ms]
2022-12-21 20:47:36.903 [info] > git status -z -uall [22ms]
2022-12-21 20:47:41.933 [info] > git config --get commit.template [3ms]
2022-12-21 20:47:41.933 [info] > git for-each-ref --format=%(refname)%00%(upstream:short)%00%(objectname)%00%(upstream:track)%00%(upstream:remotename)%00%(upstream:remoteref) refs/heads/master refs/remotes/master [1ms]
2022-12-21 20:47:41.938 [info] > git for-each-ref --sort -committerdate --format %(refname) %(objectname) %(*objectname) [1ms]
2022-12-21 20:47:41.958 [info] > git status -z -uall [23ms]
2022-12-21 20:47:46.989 [info] > git config --get commit.template [2ms]
2022-12-21 20:47:46.990 [info] > git for-each-ref --format=%(refname)%00%(upstream:short)%00%(objectname)%00%(upstream:track)%00%(upstream:remotename)%00%(upstream:remoteref) refs/heads/master refs/remotes/master [1ms]
2022-12-21 20:47:46.994 [info] > git for-each-ref --sort -committerdate --format %(refname) %(objectname) %(*objectname) [0ms]
2022-12-21 20:47:47.014 [info] > git status -z -uall [21ms]
2022-12-21 20:47:52.047 [info] > git config --get commit.template [3ms]
2022-12-21 20:47:52.048 [info] > git for-each-ref --format=%(refname)%00%(upstream:short)%00%(objectname)%00%(upstream:track)%00%(upstream:remotename)%00%(upstream:remoteref) refs/heads/master refs/remotes/master [1ms]
2022-12-21 20:47:52.054 [info] > git for-each-ref --sort -committerdate --format %(refname) %(objectname) %(*objectname) [0ms]
2022-12-21 20:47:52.074 [info] > git status -z -uall [24ms]
2022-12-21 20:47:57.124 [info] > git config --get commit.template [3ms]
2022-12-21 20:47:57.125 [info] > git for-each-ref --format=%(refname)%00%(upstream:short)%00%(objectname)%00%(upstream:track)%00%(upstream:remotename)%00%(upstream:remoteref) refs/heads/master refs/remotes/master [1ms]
2022-12-21 20:47:57.130 [info] > git for-each-ref --sort -committerdate --format %(refname) %(objectname) %(*objectname) [1ms]
2022-12-21 20:47:57.150 [info] > git status -z -uall [23ms]
2022-12-21 20:48:02.182 [info] > git config --get commit.template [3ms]
2022-12-21 20:48:02.183 [info] > git for-each-ref --format=%(refname)%00%(upstream:short)%00%(objectname)%00%(upstream:track)%00%(upstream:remotename)%00%(upstream:remoteref) refs/heads/master refs/remotes/master [0ms]
2022-12-21 20:48:02.187 [info] > git for-each-ref --sort -committerdate --format %(refname) %(objectname) %(*objectname) [0ms]
2022-12-21 20:48:02.207 [info] > git status -z -uall [22ms]
2022-12-21 20:48:07.241 [info] > git config --get commit.template [4ms]
2022-12-21 20:48:07.241 [info] > git for-each-ref --format=%(refname)%00%(upstream:short)%00%(objectname)%00%(upstream:track)%00%(upstream:remotename)%00%(upstream:remoteref) refs/heads/master refs/remotes/master [0ms]
2022-12-21 20:48:07.247 [info] > git for-each-ref --sort -committerdate --format %(refname) %(objectname) %(*objectname) [0ms]
2022-12-21 20:48:07.267 [info] > git status -z -uall [23ms]
2022-12-21 20:48:12.311 [info] > git config --get commit.template [3ms]
2022-12-21 20:48:12.311 [info] > git for-each-ref --format=%(refname)%00%(upstream:short)%00%(objectname)%00%(upstream:track)%00%(upstream:remotename)%00%(upstream:remoteref) refs/heads/master refs/remotes/master [0ms]
2022-12-21 20:48:12.317 [info] > git for-each-ref --sort -committerdate --format %(refname) %(objectname) %(*objectname) [1ms]
2022-12-21 20:48:12.336 [info] > git status -z -uall [22ms]
2022-12-21 20:48:17.369 [info] > git config --get commit.template [3ms]
2022-12-21 20:48:17.369 [info] > git for-each-ref --format=%(refname)%00%(upstream:short)%00%(objectname)%00%(upstream:track)%00%(upstream:remotename)%00%(upstream:remoteref) refs/heads/master refs/remotes/master [0ms]
2022-12-21 20:48:17.374 [info] > git for-each-ref --sort -committerdate --format %(refname) %(objectname) %(*objectname) [1ms]
2022-12-21 20:48:17.393 [info] > git status -z -uall [22ms]
2022-12-21 20:48:22.425 [info] > git config --get commit.template [3ms]
2022-12-21 20:48:22.425 [info] > git for-each-ref --format=%(refname)%00%(upstream:short)%00%(objectname)%00%(upstream:track)%00%(upstream:remotename)%00%(upstream:remoteref) refs/heads/master refs/remotes/master [0ms]
2022-12-21 20:48:22.430 [info] > git for-each-ref --sort -committerdate --format %(refname) %(objectname) %(*objectname) [0ms]
2022-12-21 20:48:22.449 [info] > git status -z -uall [21ms]
2022-12-21 20:48:27.479 [info] > git config --get commit.template [3ms]
2022-12-21 20:48:27.479 [info] > git for-each-ref --format=%(refname)%00%(upstream:short)%00%(objectname)%00%(upstream:track)%00%(upstream:remotename)%00%(upstream:remoteref) refs/heads/master refs/remotes/master [1ms]
2022-12-21 20:48:27.484 [info] > git for-each-ref --sort -committerdate --format %(refname) %(objectname) %(*objectname) [1ms]
2022-12-21 20:48:27.503 [info] > git status -z -uall [22ms]
2022-12-21 20:48:32.533 [info] > git config --get commit.template [3ms]
2022-12-21 20:48:32.533 [info] > git for-each-ref --format=%(refname)%00%(upstream:short)%00%(objectname)%00%(upstream:track)%00%(upstream:remotename)%00%(upstream:remoteref) refs/heads/master refs/remotes/master [1ms]
2022-12-21 20:48:32.538 [info] > git for-each-ref --sort -committerdate --format %(refname) %(objectname) %(*objectname) [1ms]
2022-12-21 20:48:32.558 [info] > git status -z -uall [23ms]
2022-12-21 20:48:37.587 [info] > git config --get commit.template [3ms]
2022-12-21 20:48:37.588 [info] > git for-each-ref --format=%(refname)%00%(upstream:short)%00%(objectname)%00%(upstream:track)%00%(upstream:remotename)%00%(upstream:remoteref) refs/heads/master refs/remotes/master [1ms]
2022-12-21 20:48:37.592 [info] > git for-each-ref --sort -committerdate --format %(refname) %(objectname) %(*objectname) [0ms]
2022-12-21 20:48:37.612 [info] > git status -z -uall [22ms]
2022-12-21 20:48:42.642 [info] > git config --get commit.template [3ms]
2022-12-21 20:48:42.642 [info] > git for-each-ref --format=%(refname)%00%(upstream:short)%00%(objectname)%00%(upstream:track)%00%(upstream:remotename)%00%(upstream:remoteref) refs/heads/master refs/remotes/master [1ms]
2022-12-21 20:48:42.647 [info] > git for-each-ref --sort -committerdate --format %(refname) %(objectname) %(*objectname) [1ms]
2022-12-21 20:48:42.666 [info] > git status -z -uall [22ms]
2022-12-21 20:48:47.695 [info] > git config --get commit.template [3ms]
2022-12-21 20:48:47.695 [info] > git for-each-ref --format=%(refname)%00%(upstream:short)%00%(objectname)%00%(upstream:track)%00%(upstream:remotename)%00%(upstream:remoteref) refs/heads/master refs/remotes/master [0ms]
2022-12-21 20:48:47.700 [info] > git for-each-ref --sort -committerdate --format %(refname) %(objectname) %(*objectname) [1ms]
2022-12-21 20:48:47.719 [info] > git status -z -uall [22ms]
2022-12-21 20:52:01.428 [info] > git config --get commit.template [3ms]
2022-12-21 20:52:01.428 [info] > git for-each-ref --format=%(refname)%00%(upstream:short)%00%(objectname)%00%(upstream:track)%00%(upstream:remotename)%00%(upstream:remoteref) refs/heads/master refs/remotes/master [0ms]
2022-12-21 20:52:01.433 [info] > git for-each-ref --sort -committerdate --format %(refname) %(objectname) %(*objectname) [1ms]
2022-12-21 20:52:01.455 [info] > git status -z -uall [25ms]
2022-12-21 20:52:06.489 [info] > git config --get commit.template [3ms]
2022-12-21 20:52:06.489 [info] > git for-each-ref --format=%(refname)%00%(upstream:short)%00%(objectname)%00%(upstream:track)%00%(upstream:remotename)%00%(upstream:remoteref) refs/heads/master refs/remotes/master [1ms]
2022-12-21 20:52:06.494 [info] > git for-each-ref --sort -committerdate --format %(refname) %(objectname) %(*objectname) [0ms]
2022-12-21 20:52:06.514 [info] > git status -z -uall [23ms]
2022-12-21 20:52:11.544 [info] > git config --get commit.template [3ms]
2022-12-21 20:52:11.545 [info] > git for-each-ref --format=%(refname)%00%(upstream:short)%00%(objectname)%00%(upstream:track)%00%(upstream:remotename)%00%(upstream:remoteref) refs/heads/master refs/remotes/master [1ms]
2022-12-21 20:52:11.550 [info] > git for-each-ref --sort -committerdate --format %(refname) %(objectname) %(*objectname) [1ms]
2022-12-21 20:52:11.569 [info] > git status -z -uall [22ms]
2022-12-21 20:52:16.599 [info] > git config --get commit.template [3ms]
2022-12-21 20:52:16.599 [info] > git for-each-ref --format=%(refname)%00%(upstream:short)%00%(objectname)%00%(upstream:track)%00%(upstream:remotename)%00%(upstream:remoteref) refs/heads/master refs/remotes/master [1ms]
2022-12-21 20:52:16.604 [info] > git for-each-ref --sort -committerdate --format %(refname) %(objectname) %(*objectname) [1ms]
2022-12-21 20:52:16.623 [info] > git status -z -uall [22ms]
2022-12-21 20:52:21.653 [info] > git config --get commit.template [3ms]
2022-12-21 20:52:21.653 [info] > git for-each-ref --format=%(refname)%00%(upstream:short)%00%(objectname)%00%(upstream:track)%00%(upstream:remotename)%00%(upstream:remoteref) refs/heads/master refs/remotes/master [0ms]
2022-12-21 20:52:21.658 [info] > git for-each-ref --sort -committerdate --format %(refname) %(objectname) %(*objectname) [1ms]
2022-12-21 20:52:21.677 [info] > git status -z -uall [22ms]
2022-12-21 20:52:26.708 [info] > git config --get commit.template [3ms]
2022-12-21 20:52:26.708 [info] > git for-each-ref --format=%(refname)%00%(upstream:short)%00%(objectname)%00%(upstream:track)%00%(upstream:remotename)%00%(upstream:remoteref) refs/heads/master refs/remotes/master [1ms]
2022-12-21 20:52:26.713 [info] > git for-each-ref --sort -committerdate --format %(refname) %(objectname) %(*objectname) [1ms]
2022-12-21 20:52:26.732 [info] > git status -z -uall [22ms]
2022-12-21 20:52:31.762 [info] > git config --get commit.template [3ms]
2022-12-21 20:52:31.762 [info] > git for-each-ref --format=%(refname)%00%(upstream:short)%00%(objectname)%00%(upstream:track)%00%(upstream:remotename)%00%(upstream:remoteref) refs/heads/master refs/remotes/master [1ms]
2022-12-21 20:52:31.767 [info] > git for-each-ref --sort -committerdate --format %(refname) %(objectname) %(*objectname) [0ms]
2022-12-21 20:52:31.787 [info] > git status -z -uall [23ms]
2022-12-21 20:52:37.210 [info] > git config --get commit.template [2ms]
2022-12-21 20:52:37.210 [info] > git for-each-ref --format=%(refname)%00%(upstream:short)%00%(objectname)%00%(upstream:track)%00%(upstream:remotename)%00%(upstream:remoteref) refs/heads/master refs/remotes/master [1ms]
2022-12-21 20:52:37.215 [info] > git for-each-ref --sort -committerdate --format %(refname) %(objectname) %(*objectname) [1ms]
2022-12-21 20:52:37.234 [info] > git status -z -uall [22ms]
2022-12-21 20:54:05.542 [info] > git for-each-ref --format=%(refname)%00%(upstream:short)%00%(objectname)%00%(upstream:track)%00%(upstream:remotename)%00%(upstream:remoteref) refs/heads/master refs/remotes/master [1ms]
2022-12-21 20:54:05.542 [info] > git config --get commit.template [3ms]
2022-12-21 20:54:05.547 [info] > git for-each-ref --sort -committerdate --format %(refname) %(objectname) %(*objectname) [1ms]
2022-12-21 20:54:05.571 [info] > git status -z -uall [27ms]
2022-12-21 20:54:24.434 [info] > git config --get commit.template [2ms]
2022-12-21 20:54:24.434 [info] > git for-each-ref --format=%(refname)%00%(upstream:short)%00%(objectname)%00%(upstream:track)%00%(upstream:remotename)%00%(upstream:remoteref) refs/heads/master refs/remotes/master [0ms]
2022-12-21 20:54:24.439 [info] > git for-each-ref --sort -committerdate --format %(refname) %(objectname) %(*objectname) [1ms]
2022-12-21 20:54:24.461 [info] > git status -z -uall [24ms]
2022-12-21 20:54:48.123 [info] > git config --get commit.template [2ms]
2022-12-21 20:54:48.126 [info] > git for-each-ref --format=%(refname)%00%(upstream:short)%00%(objectname)%00%(upstream:track)%00%(upstream:remotename)%00%(upstream:remoteref) refs/heads/master refs/remotes/master [1ms]
2022-12-21 20:54:48.130 [info] > git for-each-ref --sort -committerdate --format %(refname) %(objectname) %(*objectname) [0ms]
2022-12-21 20:54:48.152 [info] > git status -z -uall [24ms]
2022-12-21 20:54:57.207 [info] > git check-ignore -v -z --stdin [0ms]
2022-12-21 20:55:04.944 [info] > git check-ignore -v -z --stdin [0ms]
2022-12-21 20:55:18.657 [info] > git check-ignore -v -z --stdin [1ms]
2022-12-21 20:55:46.647 [info] > git config --get commit.template [3ms]
2022-12-21 20:55:46.647 [info] > git for-each-ref --format=%(refname)%00%(upstream:short)%00%(objectname)%00%(upstream:track)%00%(upstream:remotename)%00%(upstream:remoteref) refs/heads/master refs/remotes/master [1ms]
2022-12-21 20:55:46.653 [info] > git for-each-ref --sort -committerdate --format %(refname) %(objectname) %(*objectname) [1ms]
2022-12-21 20:55:46.672 [info] > git status -z -uall [23ms]
2022-12-21 20:56:19.689 [info] > git config --get commit.template [3ms]
2022-12-21 20:56:19.690 [info] > git for-each-ref --format=%(refname)%00%(upstream:short)%00%(objectname)%00%(upstream:track)%00%(upstream:remotename)%00%(upstream:remoteref) refs/heads/master refs/remotes/master [2ms]
2022-12-21 20:56:19.694 [info] > git for-each-ref --sort -committerdate --format %(refname) %(objectname) %(*objectname) [0ms]
2022-12-21 20:56:19.718 [info] > git status -z -uall [26ms]
2022-12-21 20:56:44.496 [info] > git config --get commit.template [2ms]
2022-12-21 20:56:44.496 [info] > git for-each-ref --format=%(refname)%00%(upstream:short)%00%(objectname)%00%(upstream:track)%00%(upstream:remotename)%00%(upstream:remoteref) refs/heads/master refs/remotes/master [0ms]
2022-12-21 20:56:44.501 [info] > git for-each-ref --sort -committerdate --format %(refname) %(objectname) %(*objectname) [0ms]
2022-12-21 20:56:44.524 [info] > git status -z -uall [25ms]
2022-12-21 20:57:07.720 [info] > git for-each-ref --format=%(refname)%00%(upstream:short)%00%(objectname)%00%(upstream:track)%00%(upstream:remotename)%00%(upstream:remoteref) refs/heads/master refs/remotes/master [1ms]
2022-12-21 20:57:07.720 [info] > git config --get commit.template [3ms]
2022-12-21 20:57:07.725 [info] > git for-each-ref --sort -committerdate --format %(refname) %(objectname) %(*objectname) [1ms]
2022-12-21 20:57:07.747 [info] > git status -z -uall [25ms]
2022-12-21 20:57:16.424 [info] > git config --get commit.template [3ms]
2022-12-21 20:57:16.424 [info] > git for-each-ref --format=%(refname)%00%(upstream:short)%00%(objectname)%00%(upstream:track)%00%(upstream:remotename)%00%(upstream:remoteref) refs/heads/master refs/remotes/master [1ms]
2022-12-21 20:57:16.428 [info] > git for-each-ref --sort -committerdate --format %(refname) %(objectname) %(*objectname) [0ms]
2022-12-21 20:57:16.451 [info] > git status -z -uall [25ms]
