2022-12-29 20:53:29.717 [info] Extension host with pid 165569 started
2022-12-29 20:53:29.756 [info] ExtensionService#_doActivateExtension vscode.microsoft-authentication, startup: false, activationEvent: 'onAuthenticationRequest:microsoft'
2022-12-29 20:53:29.757 [info] ExtensionService#_doActivateExtension vscode.git-base, startup: true, activationEvent: '*', root cause: vscode.git
2022-12-29 20:53:29.757 [info] ExtensionService#_doActivateExtension formulahendry.auto-close-tag, startup: true, activationEvent: '*'
2022-12-29 20:53:29.784 [info] ExtensionService#_doActivateExtension vscode.git, startup: true, activationEvent: '*'
2022-12-29 20:53:29.784 [info] ExtensionService#_doActivateExtension vscode.github, startup: true, activationEvent: '*'
2022-12-29 20:53:29.818 [info] Eager extensions activated
2022-12-29 20:53:29.833 [info] ExtensionService#_doActivateExtension vscode.debug-auto-launch, startup: false, activationEvent: 'onStartupFinished'
2022-12-29 20:53:29.833 [info] ExtensionService#_doActivateExtension vscode.emmet, startup: false, activationEvent: 'onStartupFinished'
2022-12-29 20:53:29.833 [info] ExtensionService#_doActivateExtension vscode.merge-conflict, startup: false, activationEvent: 'onStartupFinished'
2022-12-29 20:53:29.833 [info] ExtensionService#_doActivateExtension dsznajder.es7-react-js-snippets, startup: false, activationEvent: 'onStartupFinished'
2022-12-29 20:53:29.833 [info] ExtensionService#_doActivateExtension Equinusocio.vsc-material-theme, startup: false, activationEvent: 'onStartupFinished'
2022-12-29 20:53:29.833 [info] ExtensionService#_doActivateExtension equinusocio.vsc-material-theme-icons, startup: false, activationEvent: 'onStartupFinished'
2022-12-29 20:53:29.833 [info] ExtensionService#_doActivateExtension vscode.npm, startup: false, activationEvent: 'onStartupFinished', root cause: esbenp.prettier-vscode
2022-12-29 20:53:29.833 [info] ExtensionService#_doActivateExtension formulahendry.code-runner, startup: false, activationEvent: 'onStartupFinished'
2022-12-29 20:53:29.833 [info] ExtensionService#_doActivateExtension monokai.theme-monokai-pro-vscode, startup: false, activationEvent: 'onStartupFinished'
2022-12-29 20:53:29.833 [info] ExtensionService#_doActivateExtension PKief.material-icon-theme, startup: false, activationEvent: 'onStartupFinished'
2022-12-29 20:53:29.834 [info] ExtensionService#_doActivateExtension ritwickdey.LiveServer, startup: false, activationEvent: 'onStartupFinished'
2022-12-29 20:53:29.834 [info] ExtensionService#_doActivateExtension streetsidesoftware.code-spell-checker, startup: false, activationEvent: 'onStartupFinished'
2022-12-29 20:53:29.834 [info] ExtensionService#_doActivateExtension zhuangtongfa.material-theme, startup: false, activationEvent: 'onStartupFinished'
2022-12-29 20:53:30.089 [info] ExtensionService#_doActivateExtension vscode.github-authentication, startup: false, activationEvent: 'onAuthenticationRequest:github'
2022-12-29 20:53:30.177 [info] ExtensionService#_doActivateExtension esbenp.prettier-vscode, startup: false, activationEvent: 'onStartupFinished'
2022-12-29 20:53:30.463 [warning] [Decorations] CAPPING events from decorations provider vscode.git 1852
2022-12-29 20:53:30.770 [warning] [Decorations] CAPPING events from decorations provider vscode.git 1852
2022-12-29 20:53:33.669 [warning] [Decorations] CAPPING events from decorations provider vscode.git 1853
2022-12-29 20:53:39.006 [warning] [Decorations] CAPPING events from decorations provider vscode.git 1853
2022-12-29 20:53:41.818 [info] Extension host terminating: received terminate message from renderer
2022-12-29 20:53:41.824 [info] Extension host with pid 165569 exiting with code 0
