2022-12-21 20:58:23.683 [info] Log level: Info
2022-12-21 20:58:23.683 [info] Validating found git in: "git"
2022-12-21 20:58:23.683 [info] Using git "2.39.0" from "git"
2022-12-21 20:58:23.683 [info] > git rev-parse --show-toplevel [20ms]
2022-12-21 20:58:23.698 [info] > git rev-parse --git-dir --git-common-dir [19ms]
2022-12-21 20:58:23.702 [info] Open repository: /home/atri/.config/qtile
2022-12-21 20:58:23.899 [info] > git config --get commit.template [8ms]
2022-12-21 20:58:23.900 [info] > git rev-parse --show-toplevel [194ms]
2022-12-21 20:58:23.936 [info] > git rev-parse --show-toplevel [31ms]
2022-12-21 20:58:23.944 [info] > git for-each-ref --format=%(refname)%00%(upstream:short)%00%(objectname)%00%(upstream:track)%00%(upstream:remotename)%00%(upstream:remoteref) refs/heads/main refs/remotes/main [10ms]
2022-12-21 20:58:24.019 [info] > git status -z -uall [71ms]
2022-12-21 20:58:24.019 [info] > git rev-parse --show-toplevel [78ms]
2022-12-21 20:58:24.026 [info] > git for-each-ref --sort -committerdate --format %(refname) %(objectname) %(*objectname) [75ms]
2022-12-21 20:58:24.042 [info] > git rev-parse --show-toplevel [20ms]
2022-12-21 20:58:24.050 [info] > git rev-parse --show-toplevel [5ms]
2022-12-21 20:58:24.051 [info] > git config --get commit.template [11ms]
2022-12-21 20:58:24.107 [info] > git for-each-ref --format=%(refname)%00%(upstream:short)%00%(objectname)%00%(upstream:track)%00%(upstream:remotename)%00%(upstream:remoteref) refs/heads/main refs/remotes/main [49ms]
2022-12-21 20:58:24.123 [info] > git status -z -uall [11ms]
2022-12-21 20:58:24.128 [info] > git for-each-ref --sort -committerdate --format %(refname) %(objectname) %(*objectname) [13ms]
2022-12-21 20:58:24.262 [info] > git show --textconv :config.py [9ms]
2022-12-21 20:58:24.262 [info] > git ls-files --stage -- /home/atri/.config/qtile/config.py [6ms]
2022-12-21 20:58:24.274 [info] > git cat-file -s 9b1e7348aea18307a6f29c44131eb31600612fda [7ms]
2022-12-21 20:58:24.405 [info] > git check-ignore -v -z --stdin [1ms]
2022-12-21 20:58:25.177 [info] > git check-ignore -v -z --stdin [1ms]
2022-12-21 20:58:25.960 [info] > git show --textconv :core/keys.py [5ms]
2022-12-21 20:58:25.960 [info] > git ls-files --stage -- /home/atri/.config/qtile/core/keys.py [2ms]
2022-12-21 20:58:25.963 [info] > git cat-file -s 21a41baf300de84b53f4a62b2a8a6e99c0f75109 [0ms]
2022-12-21 20:59:25.544 [info] > git config --get commit.template [1ms]
2022-12-21 20:59:25.548 [info] > git for-each-ref --format=%(refname)%00%(upstream:short)%00%(objectname)%00%(upstream:track)%00%(upstream:remotename)%00%(upstream:remoteref) refs/heads/main refs/remotes/main [0ms]
2022-12-21 20:59:25.553 [info] > git status -z -uall [2ms]
2022-12-21 20:59:25.554 [info] > git for-each-ref --sort -committerdate --format %(refname) %(objectname) %(*objectname) [1ms]
2022-12-21 20:59:30.660 [info] > git config --get commit.template [3ms]
2022-12-21 20:59:30.660 [info] > git for-each-ref --format=%(refname)%00%(upstream:short)%00%(objectname)%00%(upstream:track)%00%(upstream:remotename)%00%(upstream:remoteref) refs/heads/main refs/remotes/main [0ms]
2022-12-21 20:59:30.665 [info] > git status -z -uall [2ms]
2022-12-21 20:59:30.665 [info] > git for-each-ref --sort -committerdate --format %(refname) %(objectname) %(*objectname) [0ms]
2022-12-21 20:59:38.112 [info] > git config --get commit.template [2ms]
2022-12-21 20:59:38.115 [info] > git for-each-ref --format=%(refname)%00%(upstream:short)%00%(objectname)%00%(upstream:track)%00%(upstream:remotename)%00%(upstream:remoteref) refs/heads/main refs/remotes/main [1ms]
2022-12-21 20:59:38.119 [info] > git status -z -uall [2ms]
2022-12-21 20:59:38.119 [info] > git for-each-ref --sort -committerdate --format %(refname) %(objectname) %(*objectname) [0ms]
2022-12-21 20:59:46.429 [info] > git config --get commit.template [3ms]
2022-12-21 20:59:46.429 [info] > git for-each-ref --format=%(refname)%00%(upstream:short)%00%(objectname)%00%(upstream:track)%00%(upstream:remotename)%00%(upstream:remoteref) refs/heads/main refs/remotes/main [1ms]
2022-12-21 20:59:46.433 [info] > git status -z -uall [2ms]
2022-12-21 20:59:46.433 [info] > git for-each-ref --sort -committerdate --format %(refname) %(objectname) %(*objectname) [0ms]
