2022-12-18 15:08:34.485 [info] Extension host with pid 34882 started
2022-12-18 15:08:34.485 [info] Skipping acquiring lock for /home/atri/.config/Code - OSS/User/workspaceStorage/95f440a8141052fdfaf75aa515d33ff0.
2022-12-18 15:08:34.525 [info] ExtensionService#_doActivateExtension vscode.git-base, startup: true, activationEvent: '*', root cause: vscode.git
2022-12-18 15:08:34.525 [info] ExtensionService#_doActivateExtension hbenl.test-adapter-converter, startup: true, activationEvent: '*', root cause: hbenl.vscode-test-explorer
2022-12-18 15:08:34.536 [info] ExtensionService#_doActivateExtension vscode.npm, startup: true, activationEvent: 'workspaceContains:package.json'
2022-12-18 15:08:34.549 [info] ExtensionService#_doActivateExtension vscode.git, startup: true, activationEvent: '*'
2022-12-18 15:08:34.549 [info] ExtensionService#_doActivateExtension vscode.github, startup: true, activationEvent: '*'
2022-12-18 15:08:34.549 [info] ExtensionService#_doActivateExtension hbenl.vscode-test-explorer, startup: true, activationEvent: '*'
2022-12-18 15:08:34.614 [info] ExtensionService#_doActivateExtension ms-python.python, startup: true, activationEvent: 'workspaceContains:*.py', root cause: ms-python.isort
2022-12-18 15:08:34.697 [error] Activating extension ms-python.python failed due to an error:
2022-12-18 15:08:34.697 [error] Error: Extension 'ms-python.python' CANNOT use API proposal: telemetryLogger.
Its package.json#enabledApiProposals-property declares:  but NOT telemetryLogger.
 The missing proposal MUST be added and you must start in extension development mode or use the following command line switch: --enable-proposed-api ms-python.python
	at m (/usr/lib/code/out/vs/workbench/api/node/extensionHostProcess.js:90:43999)
	at Object.createTelemetryLogger (/usr/lib/code/out/vs/workbench/api/node/extensionHostProcess.js:115:31959)
	at new t.BaseTelemetryReporter (/home/atri/.vscode-oss/extensions/ms-python.python-2022.20.1-universal/out/client/extension.js:2:1130142)
	at new h (/home/atri/.vscode-oss/extensions/ms-python.python-2022.20.1-universal/out/client/extension.js:2:1135280)
	at /home/atri/.vscode-oss/extensions/ms-python.python-2022.20.1-universal/out/client/extension.js:2:695634
	at c (/home/atri/.vscode-oss/extensions/ms-python.python-2022.20.1-universal/out/client/extension.js:2:695710)
	at y.activate (/home/atri/.vscode-oss/extensions/ms-python.python-2022.20.1-universal/out/client/extension.js:2:157356)
	at process.processTicksAndRejections (node:internal/process/task_queues:96:5)
	at async /home/atri/.vscode-oss/extensions/ms-python.python-2022.20.1-universal/out/client/extension.js:2:3096130
	at async e (/home/atri/.vscode-oss/extensions/ms-python.python-2022.20.1-universal/out/client/extension.js:2:3095744)
	at async v.n (/usr/lib/code/out/vs/workbench/api/node/extensionHostProcess.js:92:7006)
	at async v.m (/usr/lib/code/out/vs/workbench/api/node/extensionHostProcess.js:92:6969)
	at async v.l (/usr/lib/code/out/vs/workbench/api/node/extensionHostProcess.js:92:6426)
2022-12-18 15:08:34.709 [info] Eager extensions activated
2022-12-18 15:08:34.718 [info] ExtensionService#_doActivateExtension vscode.debug-auto-launch, startup: false, activationEvent: 'onStartupFinished'
2022-12-18 15:08:34.719 [info] ExtensionService#_doActivateExtension vscode.emmet, startup: false, activationEvent: 'onStartupFinished'
2022-12-18 15:08:34.719 [info] ExtensionService#_doActivateExtension vscode.merge-conflict, startup: false, activationEvent: 'onStartupFinished'
2022-12-18 15:08:34.719 [info] ExtensionService#_doActivateExtension dsznajder.es7-react-js-snippets, startup: false, activationEvent: 'onStartupFinished'
2022-12-18 15:08:34.719 [info] ExtensionService#_doActivateExtension equinusocio.vsc-material-theme-icons, startup: false, activationEvent: 'onStartupFinished'
2022-12-18 15:08:34.719 [info] ExtensionService#_doActivateExtension esbenp.prettier-vscode, startup: false, activationEvent: 'onStartupFinished'
2022-12-18 15:08:34.719 [info] ExtensionService#_doActivateExtension vscode.github-authentication, startup: false, activationEvent: 'onStartupFinished', root cause: GitHub.vscode-pull-request-github
2022-12-18 15:08:34.720 [info] ExtensionService#_doActivateExtension PKief.material-icon-theme, startup: false, activationEvent: 'onStartupFinished'
2022-12-18 15:08:34.720 [info] ExtensionService#_doActivateExtension ritwickdey.LiveServer, startup: false, activationEvent: 'onStartupFinished'
2022-12-18 15:08:34.720 [info] ExtensionService#_doActivateExtension streetsidesoftware.code-spell-checker, startup: false, activationEvent: 'onStartupFinished'
2022-12-18 15:08:34.720 [info] ExtensionService#_doActivateExtension zhuangtongfa.material-theme, startup: false, activationEvent: 'onStartupFinished'
2022-12-18 15:08:35.227 [info] ExtensionService#_doActivateExtension GitHub.vscode-pull-request-github, startup: false, activationEvent: 'onStartupFinished'
2022-12-18 15:08:35.314 [error] Activating extension GitHub.vscode-pull-request-github failed due to an error:
2022-12-18 15:08:35.314 [error] Error: Extension 'GitHub.vscode-pull-request-github' CANNOT use API proposal: treeItemCheckbox.
Its package.json#enabledApiProposals-property declares:  but NOT treeItemCheckbox.
 The missing proposal MUST be added and you must start in extension development mode or use the following command line switch: --enable-proposed-api GitHub.vscode-pull-request-github
	at m (/usr/lib/code/out/vs/workbench/api/node/extensionHostProcess.js:90:43999)
	at get onDidChangeCheckboxState [as onDidChangeCheckboxState] (/usr/lib/code/out/vs/workbench/api/node/extensionHostProcess.js:115:11329)
	at new jm (/home/atri/.vscode-oss/extensions/github.vscode-pull-request-github-0.56.0-universal/dist/extension.js:1502:34379)
	at Kv (/home/atri/.vscode-oss/extensions/github.vscode-pull-request-github-0.56.0-universal/dist/extension.js:1515:7451)
	at process.processTicksAndRejections (node:internal/process/task_queues:96:5)
	at async zv (/home/atri/.vscode-oss/extensions/github.vscode-pull-request-github-0.56.0-universal/dist/extension.js:1515:5643)
	at async v.n (/usr/lib/code/out/vs/workbench/api/node/extensionHostProcess.js:92:7006)
	at async v.m (/usr/lib/code/out/vs/workbench/api/node/extensionHostProcess.js:92:6969)
	at async v.l (/usr/lib/code/out/vs/workbench/api/node/extensionHostProcess.js:92:6426)
2022-12-18 15:08:35.656 [warning] [Decorations] CAPPING events from decorations provider vscode.git 3502
2022-12-18 15:08:35.711 [warning] [Decorations] CAPPING events from decorations provider vscode.git 3502
2022-12-18 15:08:36.744 [info] Extension host terminating: received terminate message from renderer
2022-12-18 15:08:36.752 [info] Extension host with pid 34882 exiting with code 0
