INFO: 2022-12-16 14:49:35,717: main() 'Using profile folder /home/atri/.config/variety/'
INFO: 2022-12-16 14:49:35,718: perform_upgrade() 'Last run version was 0.8.9 or earlier, current version is 0.8.9'
INFO: 2022-12-16 14:49:35,835: process_command() 'Received command: ['--profile', '/home/atri/.config/variety/']'
INFO: 2022-12-16 14:49:35,836: start() 'Using data_path /usr/share/variety'
INFO: 2022-12-16 14:49:35,836: load() 'Jumble loading'
INFO: 2022-12-16 14:49:35,836: _walk_modules() 'Jumble loading module in __init__ from /usr/lib/python3.10/site-packages/variety/plugins/builtin/__init__.py'
INFO: 2022-12-16 14:49:35,837: _walk_modules() 'Jumble loading module in RedditDownloader from /usr/lib/python3.10/site-packages/variety/plugins/builtin/downloaders/RedditDownloader.py'
INFO: 2022-12-16 14:49:35,838: _walk_modules() 'Jumble loading module in __init__ from /usr/lib/python3.10/site-packages/variety/plugins/builtin/downloaders/__init__.py'
INFO: 2022-12-16 14:49:35,838: _walk_modules() 'Jumble loading module in EarthviewDownloader from /usr/lib/python3.10/site-packages/variety/plugins/builtin/downloaders/EarthviewDownloader.py'
INFO: 2022-12-16 14:49:35,839: load() 'Jumble found plugin class: <class 'EarthviewDownloader.EarthviewDownloader'>: {'name': 'EarthviewDownloader', 'description': 'Google Earth View Wallpapers', 'author': 'Peter Levi', 'version': '0.1'}'
INFO: 2022-12-16 14:49:35,839: _walk_modules() 'Jumble loading module in ArtStationDownloader from /usr/lib/python3.10/site-packages/variety/plugins/builtin/downloaders/ArtStationDownloader.py'
INFO: 2022-12-16 14:49:35,839: _walk_modules() 'Jumble loading module in RedditSource from /usr/lib/python3.10/site-packages/variety/plugins/builtin/downloaders/RedditSource.py'
INFO: 2022-12-16 14:49:35,840: load() 'Jumble found plugin class: <class 'RedditSource.RedditSource'>: {'name': 'RedditSource', 'description': 'Configurable source for fetching images from Reddit', 'author': 'Peter Levi', 'version': '0.1'}'
INFO: 2022-12-16 14:49:35,840: _walk_modules() 'Jumble loading module in WallhavenSource from /usr/lib/python3.10/site-packages/variety/plugins/builtin/downloaders/WallhavenSource.py'
INFO: 2022-12-16 14:49:35,841: load() 'Jumble found plugin class: <class 'WallhavenSource.WallhavenSource'>: {'name': 'WallhavenSource', 'description': 'Configurable source for fetching images from Wallhaven.cc', 'author': 'Peter Levi', 'version': '0.1'}'
INFO: 2022-12-16 14:49:35,841: _walk_modules() 'Jumble loading module in APODDownloader from /usr/lib/python3.10/site-packages/variety/plugins/builtin/downloaders/APODDownloader.py'
INFO: 2022-12-16 14:49:35,842: load() 'Jumble found plugin class: <class 'APODDownloader.APODDownloader'>: {'name': 'APODDownloader', 'description': 'NASA Astro Pic of the Day', 'author': 'Peter Levi', 'version': '0.1'}'
INFO: 2022-12-16 14:49:35,842: _walk_modules() 'Jumble loading module in BingDownloader from /usr/lib/python3.10/site-packages/variety/plugins/builtin/downloaders/BingDownloader.py'
INFO: 2022-12-16 14:49:35,842: load() 'Jumble found plugin class: <class 'BingDownloader.BingDownloader'>: {'name': 'BingDownloader', 'description': 'Bing Photo of the Day', 'author': 'Peter Levi', 'version': '0.1'}'
INFO: 2022-12-16 14:49:35,842: _walk_modules() 'Jumble loading module in MediaRSSDownloader from /usr/lib/python3.10/site-packages/variety/plugins/builtin/downloaders/MediaRSSDownloader.py'
INFO: 2022-12-16 14:49:35,843: _walk_modules() 'Jumble loading module in UnsplashDownloader from /usr/lib/python3.10/site-packages/variety/plugins/builtin/downloaders/UnsplashDownloader.py'
INFO: 2022-12-16 14:49:35,843: load() 'Jumble found plugin class: <class 'UnsplashDownloader.UnsplashDownloader'>: {'name': 'UnsplashDownloader', 'description': 'High-resolution photos from Unsplash.com', 'author': 'Peter Levi', 'version': '0.1'}'
INFO: 2022-12-16 14:49:35,844: _walk_modules() 'Jumble loading module in ArtStationSource from /usr/lib/python3.10/site-packages/variety/plugins/builtin/downloaders/ArtStationSource.py'
INFO: 2022-12-16 14:49:35,844: load() 'Jumble found plugin class: <class 'ArtStationSource.ArtStationSource'>: {'name': 'ArtStationSource', 'description': 'Configurable source for fetching images from ArtStation', 'author': 'Denis Gordeev', 'version': '0.1'}'
INFO: 2022-12-16 14:49:35,844: _walk_modules() 'Jumble loading module in NationalGeographicDownloader from /usr/lib/python3.10/site-packages/variety/plugins/builtin/downloaders/NationalGeographicDownloader.py'
INFO: 2022-12-16 14:49:35,845: load() 'Jumble found plugin class: <class 'NationalGeographicDownloader.NationalGeographicDownloader'>: {'name': 'NationalGeographicDownloader', 'description': "National Geographic's photo of the day", 'author': 'Eric Rösch', 'version': '0.1'}'
INFO: 2022-12-16 14:49:35,845: _walk_modules() 'Jumble loading module in MediaRSSSource from /usr/lib/python3.10/site-packages/variety/plugins/builtin/downloaders/MediaRSSSource.py'
INFO: 2022-12-16 14:49:35,845: load() 'Jumble found plugin class: <class 'MediaRSSSource.MediaRSSSource'>: {'name': 'MediaRSSSource', 'description': 'Configurable source for fetching images from MediaRSS feeds', 'author': 'Peter Levi', 'version': '0.1'}'
INFO: 2022-12-16 14:49:35,845: _walk_modules() 'Jumble loading module in WallhavenLegacyDownloader from /usr/lib/python3.10/site-packages/variety/plugins/builtin/downloaders/WallhavenLegacyDownloader.py'
INFO: 2022-12-16 14:49:35,846: _walk_modules() 'Jumble loading module in WallhavenDownloader from /usr/lib/python3.10/site-packages/variety/plugins/builtin/downloaders/WallhavenDownloader.py'
INFO: 2022-12-16 14:49:35,846: _walk_modules() 'Jumble loading module in UnsplashConfigurableSource from /usr/lib/python3.10/site-packages/variety/plugins/builtin/downloaders/UnsplashConfigurableSource.py'
INFO: 2022-12-16 14:49:35,847: load() 'Jumble found plugin class: <class 'UnsplashConfigurableSource.UnsplashConfigurableSource'>: {'name': 'UnsplashConfigurableSource', 'description': 'Configurable source for fetching photos from Unsplash.com', 'author': 'Peter Levi', 'version': '0.1'}'
INFO: 2022-12-16 14:49:35,847: _walk_modules() 'Jumble loading module in __init__ from /usr/lib/python3.10/site-packages/variety/plugins/builtin/quotes/__init__.py'
INFO: 2022-12-16 14:49:35,848: _walk_modules() 'Jumble loading module in LocalFilesSource from /usr/lib/python3.10/site-packages/variety/plugins/builtin/quotes/LocalFilesSource.py'
INFO: 2022-12-16 14:49:35,848: load() 'Jumble found plugin class: <class 'LocalFilesSource.LocalFilesSource'>: {'name': 'Local text files', 'description': 'Displays quotes, defined in local text files.\nPut your own txt files in: /home/atri/.config/variety/pluginconfig/quotes/.\nThe file format is:\n\nquote -- author\n.\nsecond quote -- another author\n.\netc...\n\nExample: http://rvelthuis.de/zips/quotes.txt', 'author': 'Peter Levi', 'version': '0.1'}'
INFO: 2022-12-16 14:49:35,848: _walk_modules() 'Jumble loading module in FortuneSource from /usr/lib/python3.10/site-packages/variety/plugins/builtin/quotes/FortuneSource.py'
INFO: 2022-12-16 14:49:35,849: load() 'Jumble found plugin class: <class 'FortuneSource.FortuneSource'>: {'name': 'UNIX fortune program', 'description': 'Displays quotes using the UNIX fortune program. You may want to install additional fortune packs, e.g. fortunes-bofh-excuses.', 'author': 'Dan Jones', 'version': '0.1'}'
INFO: 2022-12-16 14:49:35,849: _walk_modules() 'Jumble loading module in QuotationsPageSource from /usr/lib/python3.10/site-packages/variety/plugins/builtin/quotes/QuotationsPageSource.py'
INFO: 2022-12-16 14:49:35,853: load() 'Jumble found plugin class: <class 'QuotationsPageSource.QuotationsPageSource'>: {'name': 'TheQuotationsPage.com', 'description': 'Fetches quotes from TheQuotationsPage.com', 'author': 'Peter Levi', 'version': '0.1'}'
INFO: 2022-12-16 14:49:35,853: _walk_modules() 'Jumble loading module in GoodreadsSource from /usr/lib/python3.10/site-packages/variety/plugins/builtin/quotes/GoodreadsSource.py'
INFO: 2022-12-16 14:49:35,853: load() 'Jumble found plugin class: <class 'GoodreadsSource.GoodreadsSource'>: {'name': 'Goodreads', 'description': 'Fetches quotes from Goodreads.com', 'author': 'Peter Levi', 'version': '0.1'}'
INFO: 2022-12-16 14:49:35,854: _walk_modules() 'Jumble loading module in UrbanDictionarySource from /usr/lib/python3.10/site-packages/variety/plugins/builtin/quotes/UrbanDictionarySource.py'
INFO: 2022-12-16 14:49:35,854: load() 'Jumble found plugin class: <class 'UrbanDictionarySource.UrbanDictionarySource'>: {'name': 'Urban Dictionary', 'description': 'Displays definitions from Urban Dictionary', 'author': 'James Miller', 'version': '0.1'}'
INFO: 2022-12-16 14:49:35,854: _walk_modules() 'Jumble loading module in __init__ from /usr/lib/python3.10/site-packages/variety/plugins/builtin/display_modes/__init__.py'
INFO: 2022-12-16 14:49:35,855: _walk_modules() 'Jumble loading module in GnomeDisplayModesPlugin from /usr/lib/python3.10/site-packages/variety/plugins/builtin/display_modes/GnomeDisplayModesPlugin.py'
INFO: 2022-12-16 14:49:35,855: load() 'Jumble found plugin class: <class 'GnomeDisplayModesPlugin.GnomeDisplayModesPlugin'>: {'name': 'GnomeDisplayModesPlugin', 'description': 'Display modes relying on the underlying desktop environment', 'version': '1.0', 'author': 'Peter Levi'}'
INFO: 2022-12-16 14:49:35,856: _walk_modules() 'Jumble loading module in LegacyDisplayModesPlugin from /usr/lib/python3.10/site-packages/variety/plugins/builtin/display_modes/LegacyDisplayModesPlugin.py'
INFO: 2022-12-16 14:49:35,856: load() 'Jumble found plugin class: <class 'LegacyDisplayModesPlugin.LegacyDisplayModesPlugin'>: {'name': 'LegacyDisplayModesPlugin', 'description': 'Legacy display mode for compatibility with past Variety versions', 'version': '1.0', 'author': 'Peter Levi'}'
INFO: 2022-12-16 14:49:35,856: _walk_modules() 'Jumble loading module in ResizingDisplayModesPlugin from /usr/lib/python3.10/site-packages/variety/plugins/builtin/display_modes/ResizingDisplayModesPlugin.py'
INFO: 2022-12-16 14:49:35,856: load() 'Jumble found plugin class: <class 'ResizingDisplayModesPlugin.ResizingDisplayModesPlugin'>: {'name': 'ResizingDisplayModesPlugin', 'description': 'Display modes that use image resizing within Variety', 'version': '1.0', 'author': 'Peter Levi'}'
INFO: 2022-12-16 14:49:35,863: reload_config() 'Creating new downloader for type bing, location Bing Photo of the Day'
INFO: 2022-12-16 14:49:35,863: reload_config() 'Creating new downloader for type unsplash, location High-resolution photos from Unsplash.com'
INFO: 2022-12-16 14:49:35,864: log_options() 'Loaded options:'
INFO: 2022-12-16 14:49:35,864: log_options() 'change_enabled = True'
INFO: 2022-12-16 14:49:35,864: log_options() 'change_interval = 300'
INFO: 2022-12-16 14:49:35,864: log_options() 'change_on_start = False'
INFO: 2022-12-16 14:49:35,864: log_options() 'clipboard_enabled = False'
INFO: 2022-12-16 14:49:35,864: log_options() 'clipboard_hosts = ['wallhaven.cc', 'wallpapers.net', 'flickr.com', 'imgur.com', 'deviantart.com', 'interfacelift.com', 'vladstudio.com', 'imageshack.us', 'deviantart.net', 'imageshack.com']'
INFO: 2022-12-16 14:49:35,864: log_options() 'clipboard_use_whitelist = True'
INFO: 2022-12-16 14:49:35,864: log_options() 'clock_date_font = Serif 30'
INFO: 2022-12-16 14:49:35,864: log_options() 'clock_enabled = False'
INFO: 2022-12-16 14:49:35,864: log_options() 'clock_filter = -density 100 -font `fc-match -f '%{file[0]}' '%CLOCK_FONT_NAME'` -pointsize %CLOCK_FONT_SIZE -gravity SouthEast -fill '#00000044' -annotate 0x0+[%HOFFSET+58]+[%VOFFSET+108] '%H:%M' -fill white -annotate 0x0+[%HOFFSET+60]+[%VOFFSET+110] '%H:%M' -font `fc-match -f '%{file[0]}' '%DATE_FONT_NAME'` -pointsize %DATE_FONT_SIZE -fill '#00000044' -annotate 0x0+[%HOFFSET+58]+[%VOFFSET+58] '%A, %B %d' -fill white -annotate 0x0+[%HOFFSET+60]+[%VOFFSET+60] '%A, %B %d''
INFO: 2022-12-16 14:49:35,864: log_options() 'clock_font = Serif 70'
INFO: 2022-12-16 14:49:35,864: log_options() 'configfile = /home/atri/.config/variety/variety.conf'
INFO: 2022-12-16 14:49:35,864: log_options() 'copyto_enabled = False'
INFO: 2022-12-16 14:49:35,864: log_options() 'copyto_folder = Default'
INFO: 2022-12-16 14:49:35,864: log_options() 'desired_color = [160, 160, 160]'
INFO: 2022-12-16 14:49:35,864: log_options() 'desired_color_enabled = False'
INFO: 2022-12-16 14:49:35,864: log_options() 'download_folder = /home/atri/.config/variety/Downloaded'
INFO: 2022-12-16 14:49:35,864: log_options() 'download_preference_ratio = 0.9'
INFO: 2022-12-16 14:49:35,864: log_options() 'favorites_folder = /home/atri/.wallpapers'
INFO: 2022-12-16 14:49:35,864: log_options() 'favorites_operations = [['Downloaded', 'Copy'], ['Fetched', 'Move'], ['Others', 'Copy']]'
INFO: 2022-12-16 14:49:35,864: log_options() 'fetched_folder = /home/atri/.wallpapers'
INFO: 2022-12-16 14:49:35,864: log_options() 'filters = [[False, 'Keep original', ''], [False, 'Grayscale', '-type Grayscale'], [False, 'Heavy blur', '-scale 20% -blur 0x10 -resize 500%'], [False, 'Soft blur', '-scale 20% -blur 0x2 -resize 500%'], [False, 'Oil painting', '-paint 8'], [False, 'Pointilism', '-spread 10 -noise 3'], [False, 'Pixellate', '-scale 3% -scale 3333%']]'
INFO: 2022-12-16 14:49:35,864: log_options() 'get_wallpaper_script = /home/atri/.config/variety/scripts/get_wallpaper'
INFO: 2022-12-16 14:49:35,864: log_options() 'icon = Light'
INFO: 2022-12-16 14:49:35,864: log_options() 'internet_enabled = True'
INFO: 2022-12-16 14:49:35,864: log_options() 'lightness_enabled = False'
INFO: 2022-12-16 14:49:35,864: log_options() 'lightness_mode = 0'
INFO: 2022-12-16 14:49:35,865: log_options() 'min_rating = 4'
INFO: 2022-12-16 14:49:35,865: log_options() 'min_rating_enabled = False'
INFO: 2022-12-16 14:49:35,865: log_options() 'min_size = 80'
INFO: 2022-12-16 14:49:35,865: log_options() 'min_size_enabled = False'
INFO: 2022-12-16 14:49:35,865: log_options() 'quota_enabled = True'
INFO: 2022-12-16 14:49:35,865: log_options() 'quota_size = 1000'
INFO: 2022-12-16 14:49:35,865: log_options() 'quotes_authors = '
INFO: 2022-12-16 14:49:35,865: log_options() 'quotes_bg_color = [80, 80, 80]'
INFO: 2022-12-16 14:49:35,865: log_options() 'quotes_bg_opacity = 55'
INFO: 2022-12-16 14:49:35,865: log_options() 'quotes_change_enabled = False'
INFO: 2022-12-16 14:49:35,865: log_options() 'quotes_change_interval = 300'
INFO: 2022-12-16 14:49:35,865: log_options() 'quotes_disabled_sources = ['Urban Dictionary']'
INFO: 2022-12-16 14:49:35,865: log_options() 'quotes_enabled = False'
INFO: 2022-12-16 14:49:35,865: log_options() 'quotes_favorites_file = /home/atri/.config/variety/favorite_quotes.txt'
INFO: 2022-12-16 14:49:35,865: log_options() 'quotes_font = Serif 30'
INFO: 2022-12-16 14:49:35,865: log_options() 'quotes_hpos = 100'
INFO: 2022-12-16 14:49:35,865: log_options() 'quotes_max_length = 250'
INFO: 2022-12-16 14:49:35,865: log_options() 'quotes_tags = '
INFO: 2022-12-16 14:49:35,865: log_options() 'quotes_text_color = [255, 255, 255]'
INFO: 2022-12-16 14:49:35,865: log_options() 'quotes_text_shadow = False'
INFO: 2022-12-16 14:49:35,865: log_options() 'quotes_vpos = 40'
INFO: 2022-12-16 14:49:35,865: log_options() 'quotes_width = 70'
INFO: 2022-12-16 14:49:35,865: log_options() 'safe_mode = False'
INFO: 2022-12-16 14:49:35,865: log_options() 'set_wallpaper_script = /home/atri/.config/variety/scripts/set_wallpaper'
INFO: 2022-12-16 14:49:35,865: log_options() 'slideshow_custom_enabled = False'
INFO: 2022-12-16 14:49:35,865: log_options() 'slideshow_custom_folder = /home/atri/Pictures'
INFO: 2022-12-16 14:49:35,865: log_options() 'slideshow_downloads_enabled = False'
INFO: 2022-12-16 14:49:35,865: log_options() 'slideshow_fade = 0.4'
INFO: 2022-12-16 14:49:35,865: log_options() 'slideshow_favorites_enabled = True'
INFO: 2022-12-16 14:49:35,865: log_options() 'slideshow_mode = Fullscreen'
INFO: 2022-12-16 14:49:35,865: log_options() 'slideshow_monitor = All'
INFO: 2022-12-16 14:49:35,865: log_options() 'slideshow_pan = 0.05'
INFO: 2022-12-16 14:49:35,865: log_options() 'slideshow_seconds = 6.0'
INFO: 2022-12-16 14:49:35,865: log_options() 'slideshow_sort_order = Random'
INFO: 2022-12-16 14:49:35,865: log_options() 'slideshow_sources_enabled = True'
INFO: 2022-12-16 14:49:35,865: log_options() 'slideshow_zoom = 0.2'
INFO: 2022-12-16 14:49:35,865: log_options() 'smart_enabled = False'
INFO: 2022-12-16 14:49:35,865: log_options() 'smart_notice_shown = False'
INFO: 2022-12-16 14:49:35,865: log_options() 'smart_register_shown = False'
INFO: 2022-12-16 14:49:35,865: log_options() 'sources = [[False, 'favorites', 'The Favorites folder'], [False, 'fetched', 'The Fetched folder'], [False, 'folder', '/usr/share/backgrounds'], [False, 'flickr', 'user:www.flickr.com/photos/peter-levi/;user_id:93647178@N00;'], [False, 'apod', "NASA's Astronomy Picture of the Day"], [True, 'bing', 'Bing Photo of the Day'], [False, 'earthview', 'Google Earth View Wallpapers'], [False, 'natgeo', "National Geographic's photo of the day"], [True, 'unsplash', 'High-resolution photos from Unsplash.com']]'
INFO: 2022-12-16 14:49:35,865: log_options() 'stats_enabled = True'
INFO: 2022-12-16 14:49:35,865: log_options() 'stats_notice_shown = False'
INFO: 2022-12-16 14:49:35,865: log_options() 'sync_enabled = True'
INFO: 2022-12-16 14:49:35,865: log_options() 'use_landscape_enabled = True'
INFO: 2022-12-16 14:49:35,865: log_options() 'wallhaven_api_key = '
INFO: 2022-12-16 14:49:35,865: log_options() 'wallpaper_auto_rotate = False'
INFO: 2022-12-16 14:49:35,865: log_options() 'wallpaper_display_mode = os'
INFO: 2022-12-16 14:49:35,865: reload_config() 'No need to clear prepared queue'
INFO: 2022-12-16 14:49:35,865: update_indicator() 'Setting file info to: /home/atri/.config/variety/Downloaded/Bing/OHR.Borovets_EN-US3037571286_1920x1080.jpg'
INFO: 2022-12-16 14:49:35,868: load_banned() 'Missing or invalid banned URLs list, no URLs will be banned'
INFO: 2022-12-16 14:49:35,868: load_last_change_time() 'Change interval < 6 hours, ignore persisted last_change_time, wait initially the whole interval: 300'
INFO: 2022-12-16 14:49:35,868: update_indicator() 'Setting file info to: /home/atri/.config/variety/Downloaded/Bing/OHR.Borovets_EN-US3037571286_1920x1080.jpg'
INFO: 2022-12-16 14:49:35,868: regular_change_thread() 'regular_change thread running'
INFO: 2022-12-16 14:49:35,868: prepare_thread() 'Prepare thread running'
INFO: 2022-12-16 14:49:35,868: prepare_thread() 'Prepared buffer contains 0 images'
INFO: 2022-12-16 14:49:35,868: prepare_thread() 'Preparing some images'
INFO: 2022-12-16 14:49:35,869: get_throttling() 'Unsplash.com: parsing serverside options'
INFO: 2022-12-16 14:49:35,869: get_throttling() 'Could not parse Unsplash.com serverside options, using defaults 10, 1'
INFO: 2022-12-16 14:49:35,869: get_throttling() 'Unsplash.com: parsing serverside options'
INFO: 2022-12-16 14:49:35,869: get_throttling() 'Could not parse Unsplash.com serverside options, using defaults 10, 1'
INFO: 2022-12-16 14:49:35,869: download_one() 'Unsplash.com: Downloading an image, config: None'
INFO: 2022-12-16 14:49:35,869: download_one() 'Unsplash.com: Queue size: 0'
INFO: 2022-12-16 14:49:35,869: get_throttling() 'Unsplash.com: parsing serverside options'
INFO: 2022-12-16 14:49:35,869: get_throttling() 'Could not parse Unsplash.com serverside options, using defaults 10, 1'
INFO: 2022-12-16 14:49:35,869: download_one() 'Unsplash.com: Filling queue'
INFO: 2022-12-16 14:49:35,869: fill_queue() 'Filling Unsplash queue from https://api.unsplash.com/photos/random?count=30&client_id=072e5048dfcb73a8d9ad59fcf402471518ff8df725df462b0c4fa665f466515a&orientation=landscape'
INFO: 2022-12-16 14:49:35,874: prepare_thread() 'After search prepared buffer contains 7 images'
INFO: 2022-12-16 14:49:35,882: update_indicator_icon() 'Creating indicator'
WARNING: 2022-12-16 14:49:35,885: create_menu() 'Variety Slideshow is not installed. This is an optional extension adding pan-and-zoom slideshows to Variety: see https://github.com/peterlevi/variety-slideshow for details'
INFO: 2022-12-16 14:49:35,885: create_indicator() 'indicator backend: AppIndicator3'
INFO: 2022-12-16 14:49:35,892: set_from_theme_icon() 'Showing indicator icon variety-indicator from GTK theme'
INFO: 2022-12-16 14:49:35,968: do_set_wp() 'Calling do_set_wp with /home/atri/.config/variety/Downloaded/Bing/OHR.Borovets_EN-US3037571286_1920x1080.jpg, time: 1671182375.968541'
INFO: 2022-12-16 14:49:35,974: update_indicator() 'Setting file info to: /home/atri/.config/variety/Downloaded/Bing/OHR.Borovets_EN-US3037571286_1920x1080.jpg'
INFO: 2022-12-16 14:49:35,975: list_files() 'More than 1 files in the folders, stop listing'
ERROR: 2022-12-16 14:49:36,305: fill_queue() 'Could not process an item from Unsplash'
Traceback (most recent call last):
  File "/usr/lib/python3.10/site-packages/variety/plugins/builtin/downloaders/UnsplashDownloader.py", line 109, in fill_queue
    "keywords": [cat["title"].lower().strip() for cat in item["categories"]],
KeyError: 'categories'
ERROR: 2022-12-16 14:49:36,305: download_one_from() 'Could not download wallpaper:'
Traceback (most recent call last):
  File "/usr/lib/python3.10/site-packages/variety/VarietyWindow.py", line 1164, in download_one_from
    file = downloader.download_one()
  File "/usr/lib/python3.10/site-packages/variety/plugins/downloaders/DefaultDownloader.py", line 141, in download_one
    items = self.fill_queue()
  File "/usr/lib/python3.10/site-packages/variety/plugins/builtin/downloaders/UnsplashDownloader.py", line 109, in fill_queue
    "keywords": [cat["title"].lower().strip() for cat in item["categories"]],
KeyError: 'categories'
INFO: 2022-12-16 14:49:36,996: reload() 'Reloading preferences dialog'
INFO: 2022-12-16 14:49:37,307: get_throttling() 'Bing: parsing serverside options'
INFO: 2022-12-16 14:49:37,307: get_throttling() 'Could not parse Bing serverside options, using defaults None, None'
INFO: 2022-12-16 14:49:37,307: get_throttling() 'Bing: parsing serverside options'
INFO: 2022-12-16 14:49:37,307: get_throttling() 'Could not parse Bing serverside options, using defaults None, None'
INFO: 2022-12-16 14:49:37,307: download_one() 'Bing: Downloading an image, config: None'
INFO: 2022-12-16 14:49:37,307: download_one() 'Bing: Queue size: 0'
INFO: 2022-12-16 14:49:37,307: get_throttling() 'Bing: parsing serverside options'
INFO: 2022-12-16 14:49:37,307: get_throttling() 'Could not parse Bing serverside options, using defaults None, None'
INFO: 2022-12-16 14:49:37,307: download_one() 'Bing: Filling queue'
INFO: 2022-12-16 14:49:37,622: download_one() 'Bing: Queue populated with 7 URLs'
INFO: 2022-12-16 14:49:37,622: save_locally() 'Origin URL: https://www.bing.com/search?q=borovets&form=hpcapt&filters=HpDate%3a%2220221215_0800%22'
INFO: 2022-12-16 14:49:37,622: save_locally() 'Image URL: https://www.bing.com/th?id=OHR.Borovets_EN-US3037571286_1920x1080.jpg&rf=LaDigue_1920x1080.jpg&pid=hp'
INFO: 2022-12-16 14:49:37,622: save_locally() 'Local path: /home/atri/.config/variety/Downloaded/Bing/OHR.Borovets_EN-US3037571286_1920x1080.jpg'
INFO: 2022-12-16 14:49:37,622: save_locally() 'File already exists, skip downloading'
INFO: 2022-12-16 14:49:37,874: trigger_download() 'Triggering download thread to check if download needed and possible'
INFO: 2022-12-16 14:49:55,889: server_options_thread() 'Fetching server options from http://tiny.cc/variety-options-063'
INFO: 2022-12-16 14:49:57,656: server_options_thread() 'Fetched server options: {'flickr': {'min_fill_queue_interval': 1200, 'min_download_interval': 1200}, 'wallbase': {'min_fill_queue_interval': 1800, 'min_download_interval': 1800}, 'wallhaven': {'min_fill_queue_interval': 1800, 'min_download_interval': 1800}, 'wallpapers.net': {'min_fill_queue_interval': 601, 'min_download_interval': 0}, 'unsplash': {'min_fill_queue_interval': 20000000000, 'min_download_interval': 20000000000}, 'unsplash_v2': {'min_fill_queue_interval': 3600, 'min_download_interval': 1800}, 'status_message': {'0.0.1': '', '*': ''}}'
INFO: 2022-12-16 14:52:38,624: get_throttling() 'Unsplash.com: parsing serverside options'
INFO: 2022-12-16 14:52:38,624: get_throttling() 'Unsplash.com serverside options: {'min_fill_queue_interval': 3600, 'min_download_interval': 1800}'
INFO: 2022-12-16 14:52:38,624: get_throttling() 'Unsplash.com: parsing serverside options'
INFO: 2022-12-16 14:52:38,624: get_throttling() 'Unsplash.com serverside options: {'min_fill_queue_interval': 3600, 'min_download_interval': 1800}'
INFO: 2022-12-16 14:52:38,624: download_one() 'Unsplash.com: Downloading an image, config: None'
INFO: 2022-12-16 14:52:38,624: download_one() 'Unsplash.com: Queue size: 0'
INFO: 2022-12-16 14:52:38,624: get_throttling() 'Unsplash.com: parsing serverside options'
INFO: 2022-12-16 14:52:38,624: get_throttling() 'Unsplash.com serverside options: {'min_fill_queue_interval': 3600, 'min_download_interval': 1800}'
INFO: 2022-12-16 14:52:38,624: download_one() 'Unsplash.com: Queue empty, but max_queue_fills_per_hour of 1 reached, will try again later'
INFO: 2022-12-16 14:52:39,625: get_throttling() 'Bing: parsing serverside options'
INFO: 2022-12-16 14:52:39,625: get_throttling() 'Could not parse Bing serverside options, using defaults None, None'
INFO: 2022-12-16 14:52:39,625: get_throttling() 'Bing: parsing serverside options'
INFO: 2022-12-16 14:52:39,625: get_throttling() 'Could not parse Bing serverside options, using defaults None, None'
INFO: 2022-12-16 14:52:39,625: download_one() 'Bing: Downloading an image, config: None'
INFO: 2022-12-16 14:52:39,625: download_one() 'Bing: Queue size: 6'
INFO: 2022-12-16 14:52:39,625: download_one() 'Bing: Queue populated with 6 URLs'
INFO: 2022-12-16 14:52:39,625: save_locally() 'Origin URL: https://www.bing.com/search?q=muskox&form=hpcapt&filters=HpDate%3a%2220221209_0800%22'
INFO: 2022-12-16 14:52:39,625: save_locally() 'Image URL: https://www.bing.com/th?id=OHR.NorwayMuskox_EN-US1914627688_1920x1080.jpg&rf=LaDigue_1920x1080.jpg&pid=hp'
INFO: 2022-12-16 14:52:39,625: save_locally() 'Local path: /home/atri/.config/variety/Downloaded/Bing/OHR.NorwayMuskox_EN-US1914627688_1920x1080.jpg'
INFO: 2022-12-16 14:52:39,625: save_locally() 'File already exists, skip downloading'
INFO: 2022-12-16 14:54:35,868: regular_change_thread() 'regular_change changes wallpaper'
INFO: 2022-12-16 14:54:35,868: set_wallpaper() 'Calling set_wallpaper with /home/atri/.config/variety/Downloaded/Bing/OHR.NorwayMuskox_EN-US1914627688_1920x1080.jpg'
INFO: 2022-12-16 14:54:35,868: prepare_thread() 'Prepared buffer contains 7 images'
INFO: 2022-12-16 14:54:35,869: do_set_wp() 'Calling do_set_wp with /home/atri/.config/variety/Downloaded/Bing/OHR.NorwayMuskox_EN-US1914627688_1920x1080.jpg, time: 1671182675.8692799'
INFO: 2022-12-16 14:54:35,873: update_indicator() 'Setting file info to: /home/atri/.config/variety/Downloaded/Bing/OHR.NorwayMuskox_EN-US1914627688_1920x1080.jpg'
INFO: 2022-12-16 14:54:35,874: list_files() 'More than 1 files in the folders, stop listing'
INFO: 2022-12-16 14:54:37,869: trigger_download() 'Triggering download thread to check if download needed and possible'
INFO: 2022-12-16 14:54:37,869: trigger_download() 'Triggering download thread to check if download needed and possible'
INFO: 2022-12-16 14:54:37,869: get_throttling() 'Unsplash.com: parsing serverside options'
INFO: 2022-12-16 14:54:37,869: get_throttling() 'Unsplash.com serverside options: {'min_fill_queue_interval': 3600, 'min_download_interval': 1800}'
INFO: 2022-12-16 14:54:37,869: get_throttling() 'Unsplash.com: parsing serverside options'
INFO: 2022-12-16 14:54:37,869: get_throttling() 'Unsplash.com serverside options: {'min_fill_queue_interval': 3600, 'min_download_interval': 1800}'
INFO: 2022-12-16 14:54:37,869: download_one() 'Unsplash.com: Downloading an image, config: None'
INFO: 2022-12-16 14:54:37,869: download_one() 'Unsplash.com: Queue size: 0'
INFO: 2022-12-16 14:54:37,869: get_throttling() 'Unsplash.com: parsing serverside options'
INFO: 2022-12-16 14:54:37,869: get_throttling() 'Unsplash.com serverside options: {'min_fill_queue_interval': 3600, 'min_download_interval': 1800}'
INFO: 2022-12-16 14:54:37,869: download_one() 'Unsplash.com: Queue empty, but max_queue_fills_per_hour of 1 reached, will try again later'
INFO: 2022-12-16 14:54:38,871: get_throttling() 'Bing: parsing serverside options'
INFO: 2022-12-16 14:54:38,871: get_throttling() 'Could not parse Bing serverside options, using defaults None, None'
INFO: 2022-12-16 14:54:38,871: get_throttling() 'Bing: parsing serverside options'
INFO: 2022-12-16 14:54:38,871: get_throttling() 'Could not parse Bing serverside options, using defaults None, None'
INFO: 2022-12-16 14:54:38,871: download_one() 'Bing: Downloading an image, config: None'
INFO: 2022-12-16 14:54:38,871: download_one() 'Bing: Queue size: 5'
INFO: 2022-12-16 14:54:38,871: download_one() 'Bing: Queue populated with 5 URLs'
INFO: 2022-12-16 14:54:38,871: save_locally() 'Origin URL: https://www.bing.com/search?q=jasper+national+park+wiki&form=hpcapt&filters=HpDate%3a%2220221211_0800%22'
INFO: 2022-12-16 14:54:38,871: save_locally() 'Image URL: https://www.bing.com/th?id=OHR.TangleCreekFalls_EN-US2231198096_1920x1080.jpg&rf=LaDigue_1920x1080.jpg&pid=hp'
INFO: 2022-12-16 14:54:38,871: save_locally() 'Local path: /home/atri/.config/variety/Downloaded/Bing/OHR.TangleCreekFalls_EN-US2231198096_1920x1080.jpg'
INFO: 2022-12-16 14:54:38,871: save_locally() 'File already exists, skip downloading'
INFO: 2022-12-16 14:57:39,874: get_throttling() 'Unsplash.com: parsing serverside options'
INFO: 2022-12-16 14:57:39,874: get_throttling() 'Unsplash.com serverside options: {'min_fill_queue_interval': 3600, 'min_download_interval': 1800}'
INFO: 2022-12-16 14:57:39,874: get_throttling() 'Unsplash.com: parsing serverside options'
INFO: 2022-12-16 14:57:39,874: get_throttling() 'Unsplash.com serverside options: {'min_fill_queue_interval': 3600, 'min_download_interval': 1800}'
INFO: 2022-12-16 14:57:39,874: download_one() 'Unsplash.com: Downloading an image, config: None'
INFO: 2022-12-16 14:57:39,874: download_one() 'Unsplash.com: Queue size: 0'
INFO: 2022-12-16 14:57:39,874: get_throttling() 'Unsplash.com: parsing serverside options'
INFO: 2022-12-16 14:57:39,874: get_throttling() 'Unsplash.com serverside options: {'min_fill_queue_interval': 3600, 'min_download_interval': 1800}'
INFO: 2022-12-16 14:57:39,874: download_one() 'Unsplash.com: Queue empty, but max_queue_fills_per_hour of 1 reached, will try again later'
INFO: 2022-12-16 14:57:40,875: get_throttling() 'Bing: parsing serverside options'
INFO: 2022-12-16 14:57:40,875: get_throttling() 'Could not parse Bing serverside options, using defaults None, None'
INFO: 2022-12-16 14:57:40,875: get_throttling() 'Bing: parsing serverside options'
INFO: 2022-12-16 14:57:40,875: get_throttling() 'Could not parse Bing serverside options, using defaults None, None'
INFO: 2022-12-16 14:57:40,875: download_one() 'Bing: Downloading an image, config: None'
INFO: 2022-12-16 14:57:40,875: download_one() 'Bing: Queue size: 4'
INFO: 2022-12-16 14:57:40,875: download_one() 'Bing: Queue populated with 4 URLs'
INFO: 2022-12-16 14:57:40,876: save_locally() 'Origin URL: https://www.bing.com/search?q=Audubon+Society+Christmas+Bird+Count&form=hpcapt&filters=HpDate%3a%2220221214_0800%22'
INFO: 2022-12-16 14:57:40,876: save_locally() 'Image URL: https://www.bing.com/th?id=OHR.GildedFlicker_EN-US2911251361_1920x1080.jpg&rf=LaDigue_1920x1080.jpg&pid=hp'
INFO: 2022-12-16 14:57:40,876: save_locally() 'Local path: /home/atri/.config/variety/Downloaded/Bing/OHR.GildedFlicker_EN-US2911251361_1920x1080.jpg'
INFO: 2022-12-16 14:57:40,876: save_locally() 'File already exists, skip downloading'
INFO: 2022-12-16 14:59:35,905: regular_change_thread() 'regular_change changes wallpaper'
INFO: 2022-12-16 14:59:35,905: set_wallpaper() 'Calling set_wallpaper with /home/atri/.config/variety/Downloaded/Bing/OHR.PoinsettiaDay_EN-US2361694439_1920x1080.jpg'
INFO: 2022-12-16 14:59:35,905: prepare_thread() 'Prepared buffer contains 7 images'
INFO: 2022-12-16 14:59:35,906: do_set_wp() 'Calling do_set_wp with /home/atri/.config/variety/Downloaded/Bing/OHR.PoinsettiaDay_EN-US2361694439_1920x1080.jpg, time: 1671182975.9060364'
INFO: 2022-12-16 14:59:35,910: update_indicator() 'Setting file info to: /home/atri/.config/variety/Downloaded/Bing/OHR.PoinsettiaDay_EN-US2361694439_1920x1080.jpg'
INFO: 2022-12-16 14:59:35,911: list_files() 'More than 1 files in the folders, stop listing'
INFO: 2022-12-16 14:59:37,905: trigger_download() 'Triggering download thread to check if download needed and possible'
INFO: 2022-12-16 14:59:37,906: trigger_download() 'Triggering download thread to check if download needed and possible'
INFO: 2022-12-16 14:59:37,906: get_throttling() 'Unsplash.com: parsing serverside options'
INFO: 2022-12-16 14:59:37,906: get_throttling() 'Unsplash.com serverside options: {'min_fill_queue_interval': 3600, 'min_download_interval': 1800}'
INFO: 2022-12-16 14:59:37,906: get_throttling() 'Unsplash.com: parsing serverside options'
INFO: 2022-12-16 14:59:37,906: get_throttling() 'Unsplash.com serverside options: {'min_fill_queue_interval': 3600, 'min_download_interval': 1800}'
INFO: 2022-12-16 14:59:37,906: download_one() 'Unsplash.com: Downloading an image, config: None'
INFO: 2022-12-16 14:59:37,906: download_one() 'Unsplash.com: Queue size: 0'
INFO: 2022-12-16 14:59:37,906: get_throttling() 'Unsplash.com: parsing serverside options'
INFO: 2022-12-16 14:59:37,906: get_throttling() 'Unsplash.com serverside options: {'min_fill_queue_interval': 3600, 'min_download_interval': 1800}'
INFO: 2022-12-16 14:59:37,906: download_one() 'Unsplash.com: Queue empty, but max_queue_fills_per_hour of 1 reached, will try again later'
INFO: 2022-12-16 14:59:38,907: get_throttling() 'Bing: parsing serverside options'
INFO: 2022-12-16 14:59:38,907: get_throttling() 'Could not parse Bing serverside options, using defaults None, None'
INFO: 2022-12-16 14:59:38,907: get_throttling() 'Bing: parsing serverside options'
INFO: 2022-12-16 14:59:38,907: get_throttling() 'Could not parse Bing serverside options, using defaults None, None'
INFO: 2022-12-16 14:59:38,907: download_one() 'Bing: Downloading an image, config: None'
INFO: 2022-12-16 14:59:38,907: download_one() 'Bing: Queue size: 3'
INFO: 2022-12-16 14:59:38,907: download_one() 'Bing: Queue populated with 3 URLs'
INFO: 2022-12-16 14:59:38,908: save_locally() 'Origin URL: https://www.bing.com/search?q=poinsettia&form=hpcapt&filters=HpDate%3a%2220221212_0800%22'
INFO: 2022-12-16 14:59:38,908: save_locally() 'Image URL: https://www.bing.com/th?id=OHR.PoinsettiaDay_EN-US2361694439_1920x1080.jpg&rf=LaDigue_1920x1080.jpg&pid=hp'
INFO: 2022-12-16 14:59:38,908: save_locally() 'Local path: /home/atri/.config/variety/Downloaded/Bing/OHR.PoinsettiaDay_EN-US2361694439_1920x1080.jpg'
INFO: 2022-12-16 14:59:38,908: save_locally() 'File already exists, skip downloading'
INFO: 2022-12-16 15:02:39,909: get_throttling() 'Unsplash.com: parsing serverside options'
INFO: 2022-12-16 15:02:39,909: get_throttling() 'Unsplash.com serverside options: {'min_fill_queue_interval': 3600, 'min_download_interval': 1800}'
INFO: 2022-12-16 15:02:39,909: get_throttling() 'Unsplash.com: parsing serverside options'
INFO: 2022-12-16 15:02:39,909: get_throttling() 'Unsplash.com serverside options: {'min_fill_queue_interval': 3600, 'min_download_interval': 1800}'
INFO: 2022-12-16 15:02:39,909: download_one() 'Unsplash.com: Downloading an image, config: None'
INFO: 2022-12-16 15:02:39,909: download_one() 'Unsplash.com: Queue size: 0'
INFO: 2022-12-16 15:02:39,909: get_throttling() 'Unsplash.com: parsing serverside options'
INFO: 2022-12-16 15:02:39,909: get_throttling() 'Unsplash.com serverside options: {'min_fill_queue_interval': 3600, 'min_download_interval': 1800}'
INFO: 2022-12-16 15:02:39,909: download_one() 'Unsplash.com: Queue empty, but max_queue_fills_per_hour of 1 reached, will try again later'
INFO: 2022-12-16 15:02:40,911: get_throttling() 'Bing: parsing serverside options'
INFO: 2022-12-16 15:02:40,911: get_throttling() 'Could not parse Bing serverside options, using defaults None, None'
INFO: 2022-12-16 15:02:40,911: get_throttling() 'Bing: parsing serverside options'
INFO: 2022-12-16 15:02:40,911: get_throttling() 'Could not parse Bing serverside options, using defaults None, None'
INFO: 2022-12-16 15:02:40,911: download_one() 'Bing: Downloading an image, config: None'
INFO: 2022-12-16 15:02:40,911: download_one() 'Bing: Queue size: 2'
INFO: 2022-12-16 15:02:40,911: download_one() 'Bing: Queue populated with 2 URLs'
INFO: 2022-12-16 15:02:40,911: save_locally() 'Origin URL: https://www.bing.com/search?q=hallstatt+austria&form=hpcapt&filters=HpDate%3a%2220221213_0800%22'
INFO: 2022-12-16 15:02:40,911: save_locally() 'Image URL: https://www.bing.com/th?id=OHR.InstagramHallstatt_EN-US2608371794_1920x1080.jpg&rf=LaDigue_1920x1080.jpg&pid=hp'
INFO: 2022-12-16 15:02:40,911: save_locally() 'Local path: /home/atri/.config/variety/Downloaded/Bing/OHR.InstagramHallstatt_EN-US2608371794_1920x1080.jpg'
INFO: 2022-12-16 15:02:40,911: save_locally() 'File already exists, skip downloading'
