[Info  - 5:24:01 PM] (42149) Pylance language server 2022.12.20 (pyright 621d886b) starting
[Info  - 5:24:01 PM] (42149) Server root directory: /home/atri/.vscode/extensions/ms-python.vscode-pylance-2022.12.20/dist
[Info  - 5:24:01 PM] (42149) Notebook support: LSP
[Info  - 5:24:01 PM] (42149) Interactive window support: LSP
[Info  - 5:24:01 PM] (42149) Starting service instance "<default>"
[Info  - 5:24:01 PM] (42149) No pyproject.toml file found.
[Info  - 5:24:01 PM] (42149) Setting pythonPath for service "<default>": "/bin/python"
[Warn  - 5:24:01 PM] (42149) stubPath typings is not a valid directory.
[Info  - 5:24:01 PM] (42149) Assuming Python version 3.10
[Info  - 5:24:01 PM] (42149) Assuming Python platform Linux
[Info  - 5:24:01 PM] (42149) Searching for source files
[Info  - 5:24:01 PM] (42149) No source files found.
[Info  - 5:24:01 PM] (42149) No pyproject.toml file found.
[Info  - 5:24:01 PM] (42149) Setting pythonPath for service "<default>": "/bin/python"
[Warn  - 5:24:01 PM] (42149) stubPath typings is not a valid directory.
[Info  - 5:24:02 PM] (42149) Assuming Python version 3.10
[Info  - 5:24:02 PM] (42149) Assuming Python platform Linux
[Info  - 5:24:02 PM] (42149) Searching for source files
[Info  - 5:24:02 PM] (42149) No source files found.
[Info  - 5:24:02 PM] (42149) Background analysis(1) root directory: /home/atri/.vscode/extensions/ms-python.vscode-pylance-2022.12.20/dist
[Info  - 5:24:02 PM] (42149) Background analysis(1) started
