[Info  - 9:04:45 PM] (1871) Pylance language server 2022.12.20 (pyright 621d886b) starting
[Info  - 9:04:45 PM] (1871) Server root directory: /home/atri/.vscode/extensions/ms-python.vscode-pylance-2022.12.20/dist
[Info  - 9:04:45 PM] (1871) Starting service instance "qtile"
[Info  - 9:04:45 PM] (1871) Notebook support: LSP
[Info  - 9:04:45 PM] (1871) Interactive window support: LSP
[Info  - 9:04:45 PM] (1871) No configuration file found.
[Info  - 9:04:45 PM] (1871) No pyproject.toml file found.
[Info  - 9:04:45 PM] (1871) Setting pythonPath for service "qtile": "/bin/python"
[Warn  - 9:04:45 PM] (1871) stubPath /home/atri/.config/qtile/typings is not a valid directory.
[Info  - 9:04:45 PM] (1871) Assuming Python version 3.10
[Info  - 9:04:45 PM] (1871) Assuming Python platform Linux
[Info  - 9:04:45 PM] (1871) Searching for source files
[Info  - 9:04:45 PM] (1871) Found 12 source files
[Info  - 9:04:45 PM] (1871) Background analysis(1) root directory: /home/atri/.vscode/extensions/ms-python.vscode-pylance-2022.12.20/dist
[Info  - 9:04:45 PM] (1871) Background analysis(1) started
[Info  - 9:04:45 PM] (1871) Indexer background runner(2) root directory: /home/atri/.vscode/extensions/ms-python.vscode-pylance-2022.12.20/dist (index)
[Info  - 9:04:45 PM] (1871) Indexing(2) started
[Info  - 9:04:46 PM] (1871) scanned(2) 154 files over 1 exec env
[Info  - 9:04:47 PM] (1871) indexed(2) 87 files over 1 exec env
[Info  - 9:04:47 PM] (1871) Indexing finished(2).
