2022-12-25 17:33:09.540 [info] Log level: Info
2022-12-25 17:33:09.540 [info] Validating found git in: "git"
2022-12-25 17:33:09.540 [info] Using git "2.39.0" from "git"
2022-12-25 17:33:09.550 [info] > git rev-parse --show-toplevel [38ms]
2022-12-25 17:33:09.861 [info] > git rev-parse --git-dir --git-common-dir [308ms]
2022-12-25 17:33:09.866 [info] Open repository: /home/atri/.config/qtile
2022-12-25 17:33:09.916 [info] > git config --get commit.template [42ms]
2022-12-25 17:33:10.001 [info] > git for-each-ref --format=%(refname)%00%(upstream:short)%00%(objectname)%00%(upstream:track)%00%(upstream:remotename)%00%(upstream:remoteref) refs/heads/main refs/remotes/main [73ms]
2022-12-25 17:33:10.023 [info] > git status -z -uall [16ms]
2022-12-25 17:33:10.024 [info] > git for-each-ref --sort -committerdate --format %(refname) %(objectname) %(*objectname) [14ms]
2022-12-25 17:33:10.035 [info] > git config --get commit.template [2ms]
2022-12-25 17:33:10.041 [info] > git for-each-ref --format=%(refname)%00%(upstream:short)%00%(objectname)%00%(upstream:track)%00%(upstream:remotename)%00%(upstream:remoteref) refs/heads/main refs/remotes/main [1ms]
2022-12-25 17:33:10.049 [info] > git status -z -uall [4ms]
2022-12-25 17:33:10.050 [info] > git for-each-ref --sort -committerdate --format %(refname) %(objectname) %(*objectname) [2ms]
2022-12-25 17:33:10.395 [info] > git show --textconv :config.py [4ms]
2022-12-25 17:33:10.396 [info] > git ls-files --stage -- /home/atri/.config/qtile/config.py [1ms]
2022-12-25 17:33:10.400 [info] > git cat-file -s 9b1e7348aea18307a6f29c44131eb31600612fda [1ms]
2022-12-25 17:33:10.419 [info] > git check-ignore -v -z --stdin [3ms]
2022-12-25 17:33:17.820 [info] > git config --get commit.template [3ms]
2022-12-25 17:33:17.820 [info] > git for-each-ref --format=%(refname)%00%(upstream:short)%00%(objectname)%00%(upstream:track)%00%(upstream:remotename)%00%(upstream:remoteref) refs/heads/main refs/remotes/main [0ms]
2022-12-25 17:33:17.825 [info] > git status -z -uall [2ms]
2022-12-25 17:33:17.825 [info] > git for-each-ref --sort -committerdate --format %(refname) %(objectname) %(*objectname) [0ms]
