00:00:00.363454 VirtualBox GUI VM Selector Window 7.0.4 r154605 linux.amd64 (Nov 18 2022 12:54:46) release log
00:00:00.363455 Log opened 2022-12-28T06:20:31.835495000Z
00:00:00.363455 Build Type: release
00:00:00.363456 OS Product: Linux
00:00:00.363457 OS Release: 5.15.84-1-lts
00:00:00.363457 OS Version: #1 SMP Mon, 19 Dec 2022 12:47:08 +0000
00:00:00.363469 DMI Product Name: MS-7A38
00:00:00.363473 DMI Product Version: 8.0
00:00:00.363477 Firmware type: UEFI
00:00:00.363521 Secure Boot: Disabled
00:00:00.363540 Host RAM: 15920MB (15.5GB) total, 13925MB (13.5GB) available
00:00:00.363542 Executable: /usr/lib/virtualbox/VirtualBox
00:00:00.363542 Process ID: 122946
00:00:00.363542 Package type: LINUX_64BITS_GENERIC (OSE)
00:00:00.363555 Qt version: 5.15.7
00:00:00.365383 GUI: UIMediumEnumerator: Initial medium-enumeration finished!
00:00:00.374812 GUI: UIMediumEnumerator: Medium-enumeration started...
00:00:00.769190 GUI: UIMediumEnumerator: Medium-enumeration finished!
00:00:01.466422 GUI: UIDesktopWidgetWatchdog::sltHandleHostScreenAvailableGeometryCalculated: Screen 0 work area is actually resized to: 1770x42 x 140x78
00:45:18.260098 GUI: UICommon: Handling aboutToQuit request..
00:45:18.784060 GUI: UICommon: aboutToQuit request handled!
