2022-12-21 21:04:44.667 [info] Log level: Info
2022-12-21 21:04:44.667 [info] Validating found git in: "git"
2022-12-21 21:04:44.667 [info] Using git "" from "git"
2022-12-21 21:04:44.667 [info] > git rev-parse --show-toplevel [3ms]
2022-12-21 21:04:44.667 [info] > git rev-parse --git-dir --git-common-dir [1ms]
2022-12-21 21:04:44.667 [info] Open repository: /home/atri/.config/qtile
2022-12-21 21:04:44.677 [info] > git rev-parse --show-toplevel [27ms]
2022-12-21 21:04:44.690 [info] > git rev-parse --show-toplevel [11ms]
2022-12-21 21:04:44.695 [info] > git config --get commit.template [41ms]
2022-12-21 21:04:44.894 [info] > git rev-parse --show-toplevel [200ms]
2022-12-21 21:04:44.928 [info] > git rev-parse --show-toplevel [30ms]
2022-12-21 21:04:44.936 [info] > git rev-parse --show-toplevel [4ms]
2022-12-21 21:04:44.937 [info] > git for-each-ref --format=%(refname)%00%(upstream:short)%00%(objectname)%00%(upstream:track)%00%(upstream:remotename)%00%(upstream:remoteref) refs/heads/main refs/remotes/main [35ms]
2022-12-21 21:04:44.959 [info] > git status -z -uall [19ms]
2022-12-21 21:04:44.959 [info] > git show --textconv :core/keys.py [11ms]
2022-12-21 21:04:44.959 [info] > git ls-files --stage -- /home/atri/.config/qtile/core/keys.py [8ms]
2022-12-21 21:04:44.966 [info] > git for-each-ref --sort -committerdate --format %(refname) %(objectname) %(*objectname) [22ms]
2022-12-21 21:04:44.988 [info] > git cat-file -s 21a41baf300de84b53f4a62b2a8a6e99c0f75109 [24ms]
2022-12-21 21:04:44.992 [info] > git config --get commit.template [13ms]
2022-12-21 21:04:45.002 [info] > git for-each-ref --format=%(refname)%00%(upstream:short)%00%(objectname)%00%(upstream:track)%00%(upstream:remotename)%00%(upstream:remoteref) refs/heads/main refs/remotes/main [3ms]
2022-12-21 21:04:45.010 [info] > git status -z -uall [5ms]
2022-12-21 21:04:45.012 [info] > git for-each-ref --sort -committerdate --format %(refname) %(objectname) %(*objectname) [3ms]
2022-12-21 21:04:45.168 [info] > git check-ignore -v -z --stdin [6ms]
2022-12-21 21:04:45.724 [info] > git show --textconv :config.py [7ms]
2022-12-21 21:04:45.725 [info] > git ls-files --stage -- /home/atri/.config/qtile/config.py [1ms]
2022-12-21 21:04:45.730 [info] > git cat-file -s 9b1e7348aea18307a6f29c44131eb31600612fda [1ms]
2022-12-21 21:04:48.065 [info] > git config --get commit.template [3ms]
2022-12-21 21:04:48.065 [info] > git for-each-ref --format=%(refname)%00%(upstream:short)%00%(objectname)%00%(upstream:track)%00%(upstream:remotename)%00%(upstream:remoteref) refs/heads/main refs/remotes/main [1ms]
2022-12-21 21:04:48.069 [info] > git status -z -uall [2ms]
2022-12-21 21:04:48.070 [info] > git for-each-ref --sort -committerdate --format %(refname) %(objectname) %(*objectname) [1ms]
