2022-12-17 21:53:25.356 [info] Log level: Info
2022-12-17 21:53:25.356 [info] Validating found git in: "git"
2022-12-17 21:53:25.356 [info] Using git "2.39.0" from "git"
2022-12-17 21:53:25.356 [info] > git rev-parse --show-toplevel [2ms]
2022-12-17 21:53:25.356 [info] > git rev-parse --git-dir --git-common-dir [2ms]
2022-12-17 21:53:25.356 [info] Open repository: /home/atri/.config
2022-12-17 21:53:25.356 [info] > git config --get commit.template [2ms]
2022-12-17 21:53:25.382 [info] > git show --textconv :qtile/config.py [29ms]
2022-12-17 21:53:25.382 [info] > git for-each-ref --format=%(refname)%00%(upstream:short)%00%(objectname)%00%(upstream:track)%00%(upstream:remotename)%00%(upstream:remoteref) refs/heads/master refs/remotes/master [23ms]
2022-12-17 21:53:25.389 [info] > git ls-files --stage -- /home/atri/.config/qtile/config.py [33ms]
2022-12-17 21:53:25.394 [info] > git status -z -uall [8ms]
2022-12-17 21:53:25.394 [info] > git cat-file -s 2dfc4b10ef98ecda097a26a71cd84e1cc2565962 [2ms]
2022-12-17 21:53:25.394 [info] > git for-each-ref --sort -committerdate --format %(refname) %(objectname) %(*objectname) [5ms]
2022-12-17 21:53:25.458 [info] > git config --get commit.template [14ms]
2022-12-17 21:53:25.463 [info] > git for-each-ref --format=%(refname)%00%(upstream:short)%00%(objectname)%00%(upstream:track)%00%(upstream:remotename)%00%(upstream:remoteref) refs/heads/master refs/remotes/master [1ms]
2022-12-17 21:53:25.468 [info] > git for-each-ref --sort -committerdate --format %(refname) %(objectname) %(*objectname) [0ms]
2022-12-17 21:53:25.471 [info] > git status -z -uall [6ms]
2022-12-17 21:53:25.607 [info] > git check-ignore -v -z --stdin [1ms]
2022-12-17 21:53:27.862 [info] > git config --get commit.template [3ms]
2022-12-17 21:53:27.863 [info] > git for-each-ref --format=%(refname)%00%(upstream:short)%00%(objectname)%00%(upstream:track)%00%(upstream:remotename)%00%(upstream:remoteref) refs/heads/master refs/remotes/master [0ms]
2022-12-17 21:53:27.868 [info] > git for-each-ref --sort -committerdate --format %(refname) %(objectname) %(*objectname) [1ms]
2022-12-17 21:53:27.870 [info] > git status -z -uall [5ms]
2022-12-17 21:53:39.046 [info] > git config --get commit.template [3ms]
2022-12-17 21:53:39.046 [info] > git for-each-ref --format=%(refname)%00%(upstream:short)%00%(objectname)%00%(upstream:track)%00%(upstream:remotename)%00%(upstream:remoteref) refs/heads/master refs/remotes/master [0ms]
2022-12-17 21:53:39.052 [info] > git for-each-ref --sort -committerdate --format %(refname) %(objectname) %(*objectname) [1ms]
2022-12-17 21:53:39.054 [info] > git status -z -uall [5ms]
2022-12-17 21:53:51.903 [info] > git config --get commit.template [3ms]
2022-12-17 21:53:51.903 [info] > git for-each-ref --format=%(refname)%00%(upstream:short)%00%(objectname)%00%(upstream:track)%00%(upstream:remotename)%00%(upstream:remoteref) refs/heads/master refs/remotes/master [1ms]
2022-12-17 21:53:51.908 [info] > git for-each-ref --sort -committerdate --format %(refname) %(objectname) %(*objectname) [1ms]
2022-12-17 21:53:51.912 [info] > git status -z -uall [7ms]
2022-12-17 21:53:56.921 [info] > git config --get commit.template [3ms]
2022-12-17 21:53:56.921 [info] > git for-each-ref --format=%(refname)%00%(upstream:short)%00%(objectname)%00%(upstream:track)%00%(upstream:remotename)%00%(upstream:remoteref) refs/heads/master refs/remotes/master [0ms]
2022-12-17 21:53:56.926 [info] > git for-each-ref --sort -committerdate --format %(refname) %(objectname) %(*objectname) [1ms]
2022-12-17 21:53:56.929 [info] > git status -z -uall [6ms]
2022-12-17 21:54:04.746 [info] > git config --get commit.template [2ms]
2022-12-17 21:54:04.746 [info] > git for-each-ref --format=%(refname)%00%(upstream:short)%00%(objectname)%00%(upstream:track)%00%(upstream:remotename)%00%(upstream:remoteref) refs/heads/master refs/remotes/master [0ms]
2022-12-17 21:54:04.750 [info] > git for-each-ref --sort -committerdate --format %(refname) %(objectname) %(*objectname) [0ms]
2022-12-17 21:54:04.754 [info] > git status -z -uall [6ms]
2022-12-17 21:54:19.008 [info] > git config --get commit.template [2ms]
2022-12-17 21:54:19.009 [info] > git for-each-ref --format=%(refname)%00%(upstream:short)%00%(objectname)%00%(upstream:track)%00%(upstream:remotename)%00%(upstream:remoteref) refs/heads/master refs/remotes/master [1ms]
2022-12-17 21:54:19.013 [info] > git for-each-ref --sort -committerdate --format %(refname) %(objectname) %(*objectname) [0ms]
2022-12-17 21:54:19.016 [info] > git status -z -uall [5ms]
